<?xml version="1.0" encoding="UTF-8"?>
<coverage generated="1780718250701" clover="3.2.0">
  <project timestamp="1780718250701" name="All files">
    <metrics statements="220" coveredstatements="190" conditionals="329" coveredconditionals="229" methods="80" coveredmethods="54" elements="629" coveredelements="473" complexity="0" loc="220" ncloc="220" packages="19" files="20" classes="20"/>
    <package name="components.Badge">
      <metrics statements="5" coveredstatements="5" conditionals="8" coveredconditionals="6" methods="1" coveredmethods="1"/>
      <file name="Badge.tsx" path="/home/isaque/fga/7_semestre/pi1/2026.1_PI1_Grupo01_Bruno/src/frontend/src/components/Badge/Badge.tsx">
        <metrics statements="5" coveredstatements="5" conditionals="8" coveredconditionals="6" methods="1" coveredmethods="1"/>
        <line num="3" count="1" type="stmt"/>
        <line num="4" count="1" type="stmt"/>
        <line num="13" count="9" type="cond" truecount="1" falsecount="1"/>
        <line num="14" count="9" type="cond" truecount="2" falsecount="0"/>
        <line num="16" count="9" type="stmt"/>
      </file>
    </package>
    <package name="components.Battery">
      <metrics statements="9" coveredstatements="9" conditionals="18" coveredconditionals="15" methods="3" coveredmethods="3"/>
      <file name="Battery.tsx" path="/home/isaque/fga/7_semestre/pi1/2026.1_PI1_Grupo01_Bruno/src/frontend/src/components/Battery/Battery.tsx">
        <metrics statements="9" coveredstatements="9" conditionals="18" coveredconditionals="15" methods="3" coveredmethods="3"/>
        <line num="4" count="1" type="stmt"/>
        <line num="12" count="7" type="cond" truecount="2" falsecount="0"/>
        <line num="13" count="6" type="cond" truecount="2" falsecount="0"/>
        <line num="14" count="5" type="cond" truecount="2" falsecount="0"/>
        <line num="15" count="4" type="stmt"/>
        <line num="19" count="7" type="cond" truecount="1" falsecount="1"/>
        <line num="20" count="7" type="cond" truecount="1" falsecount="1"/>
        <line num="22" count="7" type="stmt"/>
        <line num="33" count="70" type="stmt"/>
      </file>
    </package>
    <package name="components.BottomBar">
      <metrics statements="4" coveredstatements="4" conditionals="0" coveredconditionals="0" methods="3" coveredmethods="3"/>
      <file name="BottomBar.tsx" path="/home/isaque/fga/7_semestre/pi1/2026.1_PI1_Grupo01_Bruno/src/frontend/src/components/BottomBar/BottomBar.tsx">
        <metrics statements="4" coveredstatements="4" conditionals="0" coveredconditionals="0" methods="3" coveredmethods="3"/>
        <line num="10" count="1" type="stmt"/>
        <line num="19" count="4" type="stmt"/>
        <line num="22" count="20" type="stmt"/>
        <line num="28" count="1" type="stmt"/>
      </file>
    </package>
    <package name="components.Breadcrumb">
      <metrics statements="7" coveredstatements="7" conditionals="4" coveredconditionals="3" methods="2" coveredmethods="2"/>
      <file name="Breadcrumb.tsx" path="/home/isaque/fga/7_semestre/pi1/2026.1_PI1_Grupo01_Bruno/src/frontend/src/components/Breadcrumb/Breadcrumb.tsx">
        <metrics statements="7" coveredstatements="7" conditionals="4" coveredconditionals="3" methods="2" coveredmethods="2"/>
        <line num="7" count="8" type="stmt"/>
        <line num="8" count="8" type="stmt"/>
        <line num="10" count="8" type="stmt"/>
        <line num="14" count="6" type="stmt"/>
        <line num="15" count="6" type="stmt"/>
        <line num="16" count="6" type="cond" truecount="2" falsecount="0"/>
        <line num="17" count="6" type="cond" truecount="1" falsecount="1"/>
      </file>
    </package>
    <package name="components.Button">
      <metrics statements="3" coveredstatements="3" conditionals="14" coveredconditionals="13" methods="1" coveredmethods="1"/>
      <file name="Button.tsx" path="/home/isaque/fga/7_semestre/pi1/2026.1_PI1_Grupo01_Bruno/src/frontend/src/components/Button/Button.tsx">
        <metrics statements="3" coveredstatements="3" conditionals="14" coveredconditionals="13" methods="1" coveredmethods="1"/>
        <line num="39" count="52" type="stmt"/>
        <line num="45" count="52" type="stmt"/>
        <line num="51" count="52" type="stmt"/>
      </file>
    </package>
    <package name="components.Card">
      <metrics statements="2" coveredstatements="2" conditionals="3" coveredconditionals="3" methods="1" coveredmethods="1"/>
      <file name="Card.tsx" path="/home/isaque/fga/7_semestre/pi1/2026.1_PI1_Grupo01_Bruno/src/frontend/src/components/Card/Card.tsx">
        <metrics statements="2" coveredstatements="2" conditionals="3" coveredconditionals="3" methods="1" coveredmethods="1"/>
        <line num="12" count="3" type="stmt"/>
        <line num="17" count="3" type="stmt"/>
      </file>
    </package>
    <package name="components.Cell">
      <metrics statements="30" coveredstatements="30" conditionals="124" coveredconditionals="81" methods="8" coveredmethods="8"/>
      <file name="Cell.tsx" path="/home/isaque/fga/7_semestre/pi1/2026.1_PI1_Grupo01_Bruno/src/frontend/src/components/Cell/Cell.tsx">
        <metrics statements="30" coveredstatements="30" conditionals="124" coveredconditionals="81" methods="8" coveredmethods="8"/>
        <line num="15" count="804" type="cond" truecount="3" falsecount="4"/>
        <line num="16" count="804" type="cond" truecount="5" falsecount="2"/>
        <line num="17" count="803" type="cond" truecount="3" falsecount="3"/>
        <line num="18" count="803" type="stmt"/>
        <line num="22" count="804" type="cond" truecount="3" falsecount="4"/>
        <line num="23" count="804" type="cond" truecount="4" falsecount="3"/>
        <line num="24" count="804" type="cond" truecount="3" falsecount="3"/>
        <line num="25" count="804" type="stmt"/>
        <line num="29" count="804" type="cond" truecount="2" falsecount="3"/>
        <line num="30" count="804" type="cond" truecount="5" falsecount="2"/>
        <line num="31" count="803" type="cond" truecount="3" falsecount="3"/>
        <line num="32" count="803" type="stmt"/>
        <line num="36" count="804" type="cond" truecount="3" falsecount="4"/>
        <line num="37" count="804" type="cond" truecount="4" falsecount="3"/>
        <line num="38" count="804" type="cond" truecount="3" falsecount="3"/>
        <line num="39" count="804" type="stmt"/>
        <line num="45" count="33" type="stmt"/>
        <line num="46" count="3" type="cond" truecount="5" falsecount="1"/>
        <line num="47" count="3" type="cond" truecount="4" falsecount="1"/>
        <line num="48" count="3" type="cond" truecount="5" falsecount="0"/>
        <line num="49" count="1" type="cond" truecount="3" falsecount="2"/>
        <line num="50" count="1" type="cond" truecount="3" falsecount="2"/>
        <line num="51" count="1" type="stmt"/>
        <line num="56" count="3574" type="cond" truecount="4" falsecount="0"/>
        <line num="57" count="5" type="stmt"/>
        <line num="58" count="3" type="stmt"/>
        <line num="59" count="3" type="stmt"/>
        <line num="60" count="3" type="stmt"/>
        <line num="71" count="3571" type="cond" truecount="3" falsecount="0"/>
        <line num="73" count="3574" type="stmt"/>
      </file>
    </package>
    <package name="components.Chart">
      <metrics statements="38" coveredstatements="24" conditionals="28" coveredconditionals="4" methods="14" coveredmethods="5"/>
      <file name="Chart.tsx" path="/home/isaque/fga/7_semestre/pi1/2026.1_PI1_Grupo01_Bruno/src/frontend/src/components/Chart/Chart.tsx">
        <metrics statements="27" coveredstatements="18" conditionals="20" coveredconditionals="2" methods="9" coveredmethods="3"/>
        <line num="25" count="107" type="stmt"/>
        <line num="27" count="107" type="stmt"/>
        <line num="28" count="107" type="stmt"/>
        <line num="32" count="107" type="stmt"/>
        <line num="33" count="0" type="stmt"/>
        <line num="38" count="107" type="stmt"/>
        <line num="39" count="0" type="stmt"/>
        <line num="42" count="107" type="stmt"/>
        <line num="43" count="0" type="cond" truecount="0" falsecount="2"/>
        <line num="46" count="107" type="stmt"/>
        <line num="47" count="107" type="stmt"/>
        <line num="48" count="107" type="stmt"/>
        <line num="50" count="107" type="stmt"/>
        <line num="51" count="107" type="stmt"/>
        <line num="52" count="107" type="stmt"/>
        <line num="53" count="107" type="stmt"/>
        <line num="54" count="107" type="stmt"/>
        <line num="58" count="107" type="stmt"/>
        <line num="61" count="107" type="cond" truecount="1" falsecount="1"/>
        <line num="62" count="0" type="cond" truecount="0" falsecount="2"/>
        <line num="65" count="107" type="stmt"/>
        <line num="66" count="0" type="cond" truecount="0" falsecount="2"/>
        <line num="67" count="0" type="cond" truecount="0" falsecount="2"/>
        <line num="68" count="0" type="cond" truecount="0" falsecount="2"/>
        <line num="69" count="0" type="cond" truecount="0" falsecount="2"/>
        <line num="70" count="0" type="stmt"/>
        <line num="73" count="107" type="stmt"/>
      </file>
      <file name="chartCalculations.ts" path="/home/isaque/fga/7_semestre/pi1/2026.1_PI1_Grupo01_Bruno/src/frontend/src/components/Chart/chartCalculations.ts">
        <metrics statements="11" coveredstatements="6" conditionals="8" coveredconditionals="2" methods="5" coveredmethods="2"/>
        <line num="12" count="107" type="stmt"/>
        <line num="13" count="107" type="stmt"/>
        <line num="14" count="0" type="stmt"/>
        <line num="17" count="107" type="cond" truecount="2" falsecount="0"/>
        <line num="18" count="1" type="stmt"/>
        <line num="20" count="1" type="stmt"/>
        <line num="21" count="0" type="cond" truecount="0" falsecount="2"/>
        <line num="22" count="0" type="stmt"/>
        <line num="24" count="0" type="stmt"/>
        <line num="29" count="0" type="stmt"/>
        <line num="37" count="106" type="stmt"/>
      </file>
    </package>
    <package name="components.Connection">
      <metrics statements="3" coveredstatements="3" conditionals="3" coveredconditionals="3" methods="1" coveredmethods="1"/>
      <file name="Connection.tsx" path="/home/isaque/fga/7_semestre/pi1/2026.1_PI1_Grupo01_Bruno/src/frontend/src/components/Connection/Connection.tsx">
        <metrics statements="3" coveredstatements="3" conditionals="3" coveredconditionals="3" methods="1" coveredmethods="1"/>
        <line num="9" count="1" type="stmt"/>
        <line num="15" count="1" type="stmt"/>
        <line num="22" count="7" type="stmt"/>
      </file>
    </package>
    <package name="components.ControlBtn">
      <metrics statements="21" coveredstatements="14" conditionals="24" coveredconditionals="14" methods="17" coveredmethods="9"/>
      <file name="ControlBtn.tsx" path="/home/isaque/fga/7_semestre/pi1/2026.1_PI1_Grupo01_Bruno/src/frontend/src/components/ControlBtn/ControlBtn.tsx">
        <metrics statements="21" coveredstatements="14" conditionals="24" coveredconditionals="14" methods="17" coveredmethods="9"/>
        <line num="24" count="14" type="stmt"/>
        <line num="25" count="14" type="stmt"/>
        <line num="27" count="14" type="stmt"/>
        <line num="28" count="6" type="stmt"/>
        <line num="29" count="6" type="stmt"/>
        <line num="32" count="14" type="stmt"/>
        <line num="34" count="14" type="stmt"/>
        <line num="35" count="0" type="cond" truecount="0" falsecount="4"/>
        <line num="36" count="0" type="cond" truecount="0" falsecount="4"/>
        <line num="37" count="0" type="stmt"/>
        <line num="40" count="14" type="stmt"/>
        <line num="53" count="14" type="cond" truecount="2" falsecount="0"/>
        <line num="55" count="14" type="stmt"/>
        <line num="61" count="0" type="stmt"/>
        <line num="77" count="5" type="cond" truecount="2" falsecount="0"/>
        <line num="88" count="1" type="cond" truecount="2" falsecount="0"/>
        <line num="94" count="1" type="stmt"/>
        <line num="100" count="1" type="stmt"/>
        <line num="111" count="0" type="cond" truecount="0" falsecount="2"/>
        <line num="117" count="0" type="stmt"/>
        <line num="123" count="0" type="stmt"/>
      </file>
    </package>
    <package name="components.Header">
      <metrics statements="6" coveredstatements="5" conditionals="4" coveredconditionals="3" methods="4" coveredmethods="3"/>
      <file name="Header.tsx" path="/home/isaque/fga/7_semestre/pi1/2026.1_PI1_Grupo01_Bruno/src/frontend/src/components/Header/Header.tsx">
        <metrics statements="6" coveredstatements="5" conditionals="4" coveredconditionals="3" methods="4" coveredmethods="3"/>
        <line num="15" count="1" type="stmt"/>
        <line num="24" count="6" type="cond" truecount="1" falsecount="1"/>
        <line num="26" count="6" type="stmt"/>
        <line num="30" count="0" type="stmt"/>
        <line num="38" count="30" type="stmt"/>
        <line num="43" count="1" type="stmt"/>
      </file>
    </package>
    <package name="components.Icon">
      <metrics statements="1" coveredstatements="1" conditionals="8" coveredconditionals="6" methods="1" coveredmethods="1"/>
      <file name="Icon.tsx" path="/home/isaque/fga/7_semestre/pi1/2026.1_PI1_Grupo01_Bruno/src/frontend/src/components/Icon/Icon.tsx">
        <metrics statements="1" coveredstatements="1" conditionals="8" coveredconditionals="6" methods="1" coveredmethods="1"/>
        <line num="10" count="50" type="stmt"/>
      </file>
    </package>
    <package name="components.Log">
      <metrics statements="2" coveredstatements="1" conditionals="1" coveredconditionals="1" methods="2" coveredmethods="1"/>
      <file name="Log.tsx" path="/home/isaque/fga/7_semestre/pi1/2026.1_PI1_Grupo01_Bruno/src/frontend/src/components/Log/Log.tsx">
        <metrics statements="2" coveredstatements="1" conditionals="1" coveredconditionals="1" methods="2" coveredmethods="1"/>
        <line num="8" count="1" type="stmt"/>
        <line num="15" count="0" type="stmt"/>
      </file>
    </package>
    <package name="components.Maze">
      <metrics statements="61" coveredstatements="61" conditionals="25" coveredconditionals="23" methods="6" coveredmethods="6"/>
      <file name="Maze.tsx" path="/home/isaque/fga/7_semestre/pi1/2026.1_PI1_Grupo01_Bruno/src/frontend/src/components/Maze/Maze.tsx">
        <metrics statements="61" coveredstatements="61" conditionals="25" coveredconditionals="23" methods="6" coveredmethods="6"/>
        <line num="17" count="13" type="stmt"/>
        <line num="18" count="13" type="stmt"/>
        <line num="19" count="13" type="stmt"/>
        <line num="20" count="13" type="stmt"/>
        <line num="24" count="14" type="stmt"/>
        <line num="25" count="14" type="stmt"/>
        <line num="27" count="14" type="stmt"/>
        <line num="28" count="14" type="stmt"/>
        <line num="29" count="3566" type="stmt"/>
        <line num="30" count="3566" type="stmt"/>
        <line num="31" count="3566" type="cond" truecount="2" falsecount="0"/>
        <line num="32" count="3566" type="stmt"/>
        <line num="35" count="14" type="stmt"/>
        <line num="36" count="1" type="stmt"/>
        <line num="37" count="1" type="stmt"/>
        <line num="38" count="1" type="stmt"/>
        <line num="39" count="1" type="stmt"/>
        <line num="40" count="1" type="stmt"/>
        <line num="41" count="1" type="stmt"/>
        <line num="42" count="1" type="stmt"/>
        <line num="43" count="1" type="stmt"/>
        <line num="44" count="1" type="stmt"/>
        <line num="45" count="1" type="stmt"/>
        <line num="46" count="1" type="stmt"/>
        <line num="47" count="1" type="stmt"/>
        <line num="48" count="1" type="stmt"/>
        <line num="49" count="1" type="stmt"/>
        <line num="50" count="1" type="stmt"/>
        <line num="53" count="14" type="stmt"/>
        <line num="54" count="102" type="stmt"/>
        <line num="55" count="990" type="stmt"/>
        <line num="56" count="990" type="cond" truecount="2" falsecount="0"/>
        <line num="57" count="990" type="cond" truecount="2" falsecount="0"/>
        <line num="58" count="990" type="cond" truecount="2" falsecount="0"/>
        <line num="59" count="990" type="cond" truecount="2" falsecount="0"/>
        <line num="60" count="990" type="cond" truecount="3" falsecount="1"/>
        <line num="63" count="14" type="stmt"/>
        <line num="66" count="14" type="stmt"/>
        <line num="67" count="12" type="stmt"/>
        <line num="68" count="12" type="stmt"/>
        <line num="69" count="12" type="stmt"/>
        <line num="70" count="12" type="stmt"/>
        <line num="76" count="14" type="stmt"/>
        <line num="77" count="14" type="stmt"/>
        <line num="78" count="14" type="stmt"/>
        <line num="80" count="14" type="stmt"/>
        <line num="81" count="4" type="stmt"/>
        <line num="82" count="4" type="stmt"/>
        <line num="83" count="4" type="stmt"/>
        <line num="85" count="4" type="stmt"/>
        <line num="86" count="4" type="stmt"/>
        <line num="88" count="4" type="stmt"/>
        <line num="89" count="4" type="stmt"/>
        <line num="91" count="4" type="cond" truecount="1" falsecount="1"/>
        <line num="94" count="4" type="stmt"/>
        <line num="102" count="4" type="stmt"/>
        <line num="107" count="4" type="cond" truecount="2" falsecount="0"/>
        <line num="108" count="2" type="stmt"/>
        <line num="112" count="14" type="cond" truecount="2" falsecount="0"/>
        <line num="114" count="14" type="stmt"/>
        <line num="124" count="3566" type="stmt"/>
      </file>
    </package>
    <package name="components.Modal">
      <metrics statements="7" coveredstatements="7" conditionals="18" coveredconditionals="15" methods="3" coveredmethods="3"/>
      <file name="Modal.tsx" path="/home/isaque/fga/7_semestre/pi1/2026.1_PI1_Grupo01_Bruno/src/frontend/src/components/Modal/Modal.tsx">
        <metrics statements="7" coveredstatements="7" conditionals="18" coveredconditionals="15" methods="3" coveredmethods="3"/>
        <line num="27" count="10" type="stmt"/>
        <line num="29" count="10" type="stmt"/>
        <line num="30" count="10" type="cond" truecount="2" falsecount="0"/>
        <line num="31" count="1" type="stmt"/>
        <line num="34" count="10" type="stmt"/>
        <line num="35" count="1" type="cond" truecount="1" falsecount="1"/>
        <line num="38" count="10" type="stmt"/>
      </file>
    </package>
    <package name="components.Tab">
      <metrics statements="1" coveredstatements="1" conditionals="17" coveredconditionals="17" methods="1" coveredmethods="1"/>
      <file name="Tab.tsx" path="/home/isaque/fga/7_semestre/pi1/2026.1_PI1_Grupo01_Bruno/src/frontend/src/components/Tab/Tab.tsx">
        <metrics statements="1" coveredstatements="1" conditionals="17" coveredconditionals="17" methods="1" coveredmethods="1"/>
        <line num="13" count="6" type="stmt"/>
      </file>
    </package>
    <package name="components.Table">
      <metrics statements="16" coveredstatements="9" conditionals="18" coveredconditionals="11" methods="11" coveredmethods="4"/>
      <file name="Table.tsx" path="/home/isaque/fga/7_semestre/pi1/2026.1_PI1_Grupo01_Bruno/src/frontend/src/components/Table/Table.tsx">
        <metrics statements="16" coveredstatements="9" conditionals="18" coveredconditionals="11" methods="11" coveredmethods="4"/>
        <line num="25" count="3" type="stmt"/>
        <line num="26" count="3" type="stmt"/>
        <line num="28" count="3" type="stmt"/>
        <line num="29" count="3" type="stmt"/>
        <line num="31" count="3" type="stmt"/>
        <line num="33" count="0" type="cond" truecount="0" falsecount="4"/>
        <line num="34" count="0" type="stmt"/>
        <line num="36" count="0" type="stmt"/>
        <line num="39" count="3" type="stmt"/>
        <line num="45" count="6" type="stmt"/>
        <line num="55" count="6" type="stmt"/>
        <line num="57" count="12" type="stmt"/>
        <line num="68" count="0" type="stmt"/>
        <line num="83" count="0" type="stmt"/>
        <line num="90" count="0" type="stmt"/>
        <line num="98" count="0" type="stmt"/>
      </file>
    </package>
    <package name="components.Trace">
      <metrics statements="3" coveredstatements="3" conditionals="12" coveredconditionals="11" methods="1" coveredmethods="1"/>
      <file name="Trace.tsx" path="/home/isaque/fga/7_semestre/pi1/2026.1_PI1_Grupo01_Bruno/src/frontend/src/components/Trace/Trace.tsx">
        <metrics statements="3" coveredstatements="3" conditionals="12" coveredconditionals="11" methods="1" coveredmethods="1"/>
        <line num="8" count="3" type="stmt"/>
        <line num="11" count="3235" type="cond" truecount="4" falsecount="0"/>
        <line num="12" count="3235" type="stmt"/>
      </file>
    </package>
    <package name="config">
      <metrics statements="1" coveredstatements="1" conditionals="0" coveredconditionals="0" methods="0" coveredmethods="0"/>
      <file name="pages.ts" path="/home/isaque/fga/7_semestre/pi1/2026.1_PI1_Grupo01_Bruno/src/frontend/src/config/pages.ts">
        <metrics statements="1" coveredstatements="1" conditionals="0" coveredconditionals="0" methods="0" coveredmethods="0"/>
        <line num="8" count="1" type="stmt"/>
      </file>
    </package>
  </project>
</coverage>
