{"/home/isaque/fga/7_semestre/pi1/2026.1_PI1_Grupo01_Bruno/src/frontend/src/components/Badge/Badge.tsx": {"path":"/home/isaque/fga/7_semestre/pi1/2026.1_PI1_Grupo01_Bruno/src/frontend/src/components/Badge/Badge.tsx","statementMap":{"0":{"start":{"line":3,"column":20},"end":{"line":3,"column":null}},"1":{"start":{"line":4,"column":20},"end":{"line":4,"column":null}},"2":{"start":{"line":13,"column":22},"end":{"line":13,"column":null}},"3":{"start":{"line":14,"column":22},"end":{"line":14,"column":null}},"4":{"start":{"line":16,"column":4},"end":{"line":20,"column":null}}},"fnMap":{"0":{"name":"Badge","decl":{"start":{"line":12,"column":16},"end":{"line":12,"column":22}},"loc":{"start":{"line":12,"column":80},"end":{"line":22,"column":null}},"line":12}},"branchMap":{"0":{"loc":{"start":{"line":12,"column":24},"end":{"line":12,"column":42}},"type":"default-arg","locations":[{"start":{"line":12,"column":31},"end":{"line":12,"column":42}}],"line":12},"1":{"loc":{"start":{"line":12,"column":42},"end":{"line":12,"column":60}},"type":"default-arg","locations":[{"start":{"line":12,"column":49},"end":{"line":12,"column":60}}],"line":12},"2":{"loc":{"start":{"line":13,"column":22},"end":{"line":13,"column":null}},"type":"cond-expr","locations":[{"start":{"line":13,"column":58},"end":{"line":13,"column":65}},{"start":{"line":13,"column":65},"end":{"line":13,"column":null}}],"line":13},"3":{"loc":{"start":{"line":14,"column":22},"end":{"line":14,"column":null}},"type":"cond-expr","locations":[{"start":{"line":14,"column":58},"end":{"line":14,"column":65}},{"start":{"line":14,"column":65},"end":{"line":14,"column":null}}],"line":14},"4":{"loc":{"start":{"line":19,"column":13},"end":{"line":20,"column":null}},"type":"binary-expr","locations":[{"start":{"line":19,"column":13},"end":{"line":19,"column":22}},{"start":{"line":19,"column":22},"end":{"line":20,"column":null}}],"line":19}},"s":{"0":1,"1":1,"2":9,"3":9,"4":9},"f":{"0":9},"b":{"0":[9],"1":[9],"2":[9,0],"3":[8,1],"4":[9,0]},"meta":{"lastBranch":5,"lastFunction":1,"lastStatement":5,"seen":{"s:3:20:3:Infinity":0,"s:4:20:4:Infinity":1,"f:12:16:12:22":0,"b:12:31:12:42":0,"b:12:49:12:60":1,"s:13:22:13:Infinity":2,"b:13:58:13:65:13:65:13:Infinity":2,"s:14:22:14:Infinity":3,"b:14:58:14:65:14:65:14:Infinity":3,"s:16:4:20:Infinity":4,"b:19:13:19:22:19:22:20:Infinity":4}}}
,"/home/isaque/fga/7_semestre/pi1/2026.1_PI1_Grupo01_Bruno/src/frontend/src/components/Battery/Battery.tsx": {"path":"/home/isaque/fga/7_semestre/pi1/2026.1_PI1_Grupo01_Bruno/src/frontend/src/components/Battery/Battery.tsx","statementMap":{"0":{"start":{"line":4,"column":19},"end":{"line":4,"column":null}},"1":{"start":{"line":12,"column":4},"end":{"line":12,"column":null}},"2":{"start":{"line":12,"column":21},"end":{"line":12,"column":null}},"3":{"start":{"line":13,"column":4},"end":{"line":13,"column":null}},"4":{"start":{"line":13,"column":21},"end":{"line":13,"column":null}},"5":{"start":{"line":14,"column":4},"end":{"line":14,"column":null}},"6":{"start":{"line":14,"column":21},"end":{"line":14,"column":null}},"7":{"start":{"line":15,"column":4},"end":{"line":15,"column":null}},"8":{"start":{"line":19,"column":23},"end":{"line":19,"column":null}},"9":{"start":{"line":20,"column":19},"end":{"line":20,"column":null}},"10":{"start":{"line":22,"column":4},"end":{"line":40,"column":null}},"11":{"start":{"line":33,"column":24},"end":{"line":36,"column":null}}},"fnMap":{"0":{"name":"getBatteryStatus","decl":{"start":{"line":11,"column":9},"end":{"line":11,"column":26}},"loc":{"start":{"line":11,"column":41},"end":{"line":16,"column":null}},"line":11},"1":{"name":"Battery","decl":{"start":{"line":18,"column":16},"end":{"line":18,"column":24}},"loc":{"start":{"line":18,"column":57},"end":{"line":42,"column":null}},"line":18},"2":{"name":"(anonymous_2)","decl":{"start":{"line":32,"column":53},"end":{"line":32,"column":57}},"loc":{"start":{"line":33,"column":24},"end":{"line":36,"column":null}},"line":33}},"branchMap":{"0":{"loc":{"start":{"line":12,"column":4},"end":{"line":12,"column":null}},"type":"if","locations":[{"start":{"line":12,"column":4},"end":{"line":12,"column":null}},{"start":{},"end":{}}],"line":12},"1":{"loc":{"start":{"line":13,"column":4},"end":{"line":13,"column":null}},"type":"if","locations":[{"start":{"line":13,"column":4},"end":{"line":13,"column":null}},{"start":{},"end":{}}],"line":13},"2":{"loc":{"start":{"line":14,"column":4},"end":{"line":14,"column":null}},"type":"if","locations":[{"start":{"line":14,"column":4},"end":{"line":14,"column":null}},{"start":{},"end":{}}],"line":14},"3":{"loc":{"start":{"line":19,"column":23},"end":{"line":19,"column":null}},"type":"cond-expr","locations":[{"start":{"line":19,"column":45},"end":{"line":19,"column":86}},{"start":{"line":19,"column":86},"end":{"line":19,"column":null}}],"line":19},"4":{"loc":{"start":{"line":20,"column":19},"end":{"line":20,"column":null}},"type":"cond-expr","locations":[{"start":{"line":20,"column":41},"end":{"line":20,"column":67}},{"start":{"line":20,"column":67},"end":{"line":20,"column":null}}],"line":20},"5":{"loc":{"start":{"line":27,"column":17},"end":{"line":27,"column":null}},"type":"binary-expr","locations":[{"start":{"line":27,"column":17},"end":{"line":27,"column":42}},{"start":{"line":27,"column":42},"end":{"line":27,"column":null}}],"line":27},"6":{"loc":{"start":{"line":29,"column":53},"end":{"line":29,"column":null}},"type":"cond-expr","locations":[{"start":{"line":29,"column":62},"end":{"line":29,"column":79}},{"start":{"line":29,"column":79},"end":{"line":29,"column":null}}],"line":29},"7":{"loc":{"start":{"line":30,"column":17},"end":{"line":31,"column":17}},"type":"binary-expr","locations":[{"start":{"line":30,"column":17},"end":{"line":30,"column":40}},{"start":{"line":30,"column":40},"end":{"line":31,"column":17}}],"line":30},"8":{"loc":{"start":{"line":35,"column":56},"end":{"line":35,"column":null}},"type":"cond-expr","locations":[{"start":{"line":35,"column":73},"end":{"line":35,"column":89}},{"start":{"line":35,"column":89},"end":{"line":35,"column":null}}],"line":35}},"s":{"0":1,"1":7,"2":1,"3":6,"4":1,"5":5,"6":1,"7":4,"8":7,"9":7,"10":7,"11":70},"f":{"0":7,"1":7,"2":70},"b":{"0":[1,6],"1":[1,5],"2":[1,4],"3":[7,0],"4":[7,0],"5":[7,1],"6":[7,0],"7":[7,7],"8":[38,32]},"meta":{"lastBranch":9,"lastFunction":3,"lastStatement":12,"seen":{"s:4:19:4:Infinity":0,"f:11:9:11:26":0,"b:12:4:12:Infinity:undefined:undefined:undefined:undefined":0,"s:12:4:12:Infinity":1,"s:12:21:12:Infinity":2,"b:13:4:13:Infinity:undefined:undefined:undefined:undefined":1,"s:13:4:13:Infinity":3,"s:13:21:13:Infinity":4,"b:14:4:14:Infinity:undefined:undefined:undefined:undefined":2,"s:14:4:14:Infinity":5,"s:14:21:14:Infinity":6,"s:15:4:15:Infinity":7,"f:18:16:18:24":1,"s:19:23:19:Infinity":8,"b:19:45:19:86:19:86:19:Infinity":3,"s:20:19:20:Infinity":9,"b:20:41:20:67:20:67:20:Infinity":4,"s:22:4:40:Infinity":10,"b:27:17:27:42:27:42:27:Infinity":5,"b:29:62:29:79:29:79:29:Infinity":6,"b:30:17:30:40:30:40:31:17":7,"f:32:53:32:57":2,"s:33:24:36:Infinity":11,"b:35:73:35:89:35:89:35:Infinity":8}}}
,"/home/isaque/fga/7_semestre/pi1/2026.1_PI1_Grupo01_Bruno/src/frontend/src/components/BottomBar/BottomBar.tsx": {"path":"/home/isaque/fga/7_semestre/pi1/2026.1_PI1_Grupo01_Bruno/src/frontend/src/components/BottomBar/BottomBar.tsx","statementMap":{"0":{"start":{"line":10,"column":60},"end":{"line":16,"column":null}},"1":{"start":{"line":19,"column":4},"end":{"line":31,"column":null}},"2":{"start":{"line":22,"column":16},"end":{"line":29,"column":null}},"3":{"start":{"line":28,"column":35},"end":{"line":28,"column":null}}},"fnMap":{"0":{"name":"BottomBar","decl":{"start":{"line":18,"column":16},"end":{"line":18,"column":26}},"loc":{"start":{"line":18,"column":72},"end":{"line":33,"column":null}},"line":18},"1":{"name":"(anonymous_1)","decl":{"start":{"line":21,"column":18},"end":{"line":21,"column":23}},"loc":{"start":{"line":22,"column":16},"end":{"line":29,"column":null}},"line":22},"2":{"name":"(anonymous_2)","decl":{"start":{"line":28,"column":20},"end":{"line":28,"column":35}},"loc":{"start":{"line":28,"column":35},"end":{"line":28,"column":null}},"line":28}},"branchMap":{},"s":{"0":1,"1":4,"2":20,"3":1},"f":{"0":4,"1":20,"2":1},"b":{},"meta":{"lastBranch":0,"lastFunction":3,"lastStatement":4,"seen":{"s:10:60:16:Infinity":0,"f:18:16:18:26":0,"s:19:4:31:Infinity":1,"f:21:18:21:23":1,"s:22:16:29:Infinity":2,"f:28:20:28:35":2,"s:28:35:28:Infinity":3}}}
,"/home/isaque/fga/7_semestre/pi1/2026.1_PI1_Grupo01_Bruno/src/frontend/src/components/Breadcrumb/Breadcrumb.tsx": {"path":"/home/isaque/fga/7_semestre/pi1/2026.1_PI1_Grupo01_Bruno/src/frontend/src/components/Breadcrumb/Breadcrumb.tsx","statementMap":{"0":{"start":{"line":7,"column":12},"end":{"line":7,"column":null}},"1":{"start":{"line":8,"column":21},"end":{"line":8,"column":null}},"2":{"start":{"line":10,"column":4},"end":{"line":21,"column":null}},"3":{"start":{"line":14,"column":29},"end":{"line":14,"column":null}},"4":{"start":{"line":15,"column":31},"end":{"line":15,"column":null}},"5":{"start":{"line":16,"column":30},"end":{"line":16,"column":null}},"6":{"start":{"line":17,"column":16},"end":{"line":19,"column":null}}},"fnMap":{"0":{"name":"Breadcrumb","decl":{"start":{"line":6,"column":16},"end":{"line":6,"column":28}},"loc":{"start":{"line":6,"column":28},"end":{"line":23,"column":null}},"line":6},"1":{"name":"(anonymous_1)","decl":{"start":{"line":13,"column":22},"end":{"line":13,"column":27}},"loc":{"start":{"line":13,"column":54},"end":{"line":20,"column":13}},"line":13}},"branchMap":{"0":{"loc":{"start":{"line":16,"column":30},"end":{"line":16,"column":null}},"type":"binary-expr","locations":[{"start":{"line":16,"column":30},"end":{"line":16,"column":65}},{"start":{"line":16,"column":65},"end":{"line":16,"column":null}}],"line":16},"1":{"loc":{"start":{"line":17,"column":23},"end":{"line":19,"column":null}},"type":"cond-expr","locations":[{"start":{"line":18,"column":22},"end":{"line":18,"column":null}},{"start":{"line":19,"column":22},"end":{"line":19,"column":null}}],"line":17}},"s":{"0":8,"1":8,"2":8,"3":6,"4":6,"5":6,"6":6},"f":{"0":8,"1":6},"b":{"0":[6,1],"1":[6,0]},"meta":{"lastBranch":2,"lastFunction":2,"lastStatement":7,"seen":{"f:6:16:6:28":0,"s:7:12:7:Infinity":0,"s:8:21:8:Infinity":1,"s:10:4:21:Infinity":2,"f:13:22:13:27":1,"s:14:29:14:Infinity":3,"s:15:31:15:Infinity":4,"s:16:30:16:Infinity":5,"b:16:30:16:65:16:65:16:Infinity":0,"s:17:16:19:Infinity":6,"b:18:22:18:Infinity:19:22:19:Infinity":1}}}
,"/home/isaque/fga/7_semestre/pi1/2026.1_PI1_Grupo01_Bruno/src/frontend/src/components/Button/Button.tsx": {"path":"/home/isaque/fga/7_semestre/pi1/2026.1_PI1_Grupo01_Bruno/src/frontend/src/components/Button/Button.tsx","statementMap":{"0":{"start":{"line":39,"column":25},"end":{"line":43,"column":null}},"1":{"start":{"line":45,"column":22},"end":{"line":49,"column":null}},"2":{"start":{"line":51,"column":4},"end":{"line":65,"column":null}}},"fnMap":{"0":{"name":"Button","decl":{"start":{"line":28,"column":16},"end":{"line":28,"column":23}},"loc":{"start":{"line":38,"column":15},"end":{"line":67,"column":null}},"line":38}},"branchMap":{"0":{"loc":{"start":{"line":30,"column":4},"end":{"line":30,"column":null}},"type":"default-arg","locations":[{"start":{"line":30,"column":16},"end":{"line":30,"column":null}}],"line":30},"1":{"loc":{"start":{"line":31,"column":4},"end":{"line":31,"column":null}},"type":"default-arg","locations":[{"start":{"line":31,"column":14},"end":{"line":31,"column":null}}],"line":31},"2":{"loc":{"start":{"line":32,"column":4},"end":{"line":32,"column":null}},"type":"default-arg","locations":[{"start":{"line":32,"column":11},"end":{"line":32,"column":null}}],"line":32},"3":{"loc":{"start":{"line":57,"column":16},"end":{"line":57,"column":null}},"type":"cond-expr","locations":[{"start":{"line":57,"column":35},"end":{"line":57,"column":51}},{"start":{"line":57,"column":51},"end":{"line":57,"column":null}}],"line":57},"4":{"loc":{"start":{"line":58,"column":16},"end":{"line":58,"column":null}},"type":"binary-expr","locations":[{"start":{"line":58,"column":16},"end":{"line":58,"column":29}},{"start":{"line":58,"column":29},"end":{"line":58,"column":null}}],"line":58},"5":{"loc":{"start":{"line":62,"column":17},"end":{"line":62,"column":null}},"type":"binary-expr","locations":[{"start":{"line":62,"column":17},"end":{"line":62,"column":30}},{"start":{"line":62,"column":30},"end":{"line":62,"column":null}}],"line":62},"6":{"loc":{"start":{"line":63,"column":13},"end":{"line":64,"column":21}},"type":"binary-expr","locations":[{"start":{"line":63,"column":13},"end":{"line":63,"column":21}},{"start":{"line":63,"column":21},"end":{"line":64,"column":21}}],"line":63},"7":{"loc":{"start":{"line":64,"column":13},"end":{"line":65,"column":null}},"type":"binary-expr","locations":[{"start":{"line":64,"column":13},"end":{"line":64,"column":33}},{"start":{"line":64,"column":33},"end":{"line":64,"column":42}},{"start":{"line":64,"column":42},"end":{"line":65,"column":null}}],"line":64}},"s":{"0":52,"1":52,"2":52},"f":{"0":52},"b":{"0":[52],"1":[52],"2":[52],"3":[15,37],"4":[52,50],"5":[52,0],"6":[52,46],"7":[52,37,37]},"meta":{"lastBranch":8,"lastFunction":1,"lastStatement":3,"seen":{"f:28:16:28:23":0,"b:30:16:30:Infinity":0,"b:31:14:31:Infinity":1,"b:32:11:32:Infinity":2,"s:39:25:43:Infinity":0,"s:45:22:49:Infinity":1,"s:51:4:65:Infinity":2,"b:57:35:57:51:57:51:57:Infinity":3,"b:58:16:58:29:58:29:58:Infinity":4,"b:62:17:62:30:62:30:62:Infinity":5,"b:63:13:63:21:63:21:64:21":6,"b:64:13:64:33:64:33:64:42:64:42:65:Infinity":7}}}
,"/home/isaque/fga/7_semestre/pi1/2026.1_PI1_Grupo01_Bruno/src/frontend/src/components/Card/Card.tsx": {"path":"/home/isaque/fga/7_semestre/pi1/2026.1_PI1_Grupo01_Bruno/src/frontend/src/components/Card/Card.tsx","statementMap":{"0":{"start":{"line":12,"column":22},"end":{"line":15,"column":null}},"1":{"start":{"line":17,"column":4},"end":{"line":26,"column":null}}},"fnMap":{"0":{"name":"Card","decl":{"start":{"line":11,"column":16},"end":{"line":11,"column":21}},"loc":{"start":{"line":11,"column":73},"end":{"line":28,"column":null}},"line":11}},"branchMap":{"0":{"loc":{"start":{"line":11,"column":23},"end":{"line":11,"column":41}},"type":"default-arg","locations":[{"start":{"line":11,"column":30},"end":{"line":11,"column":41}}],"line":11},"1":{"loc":{"start":{"line":24,"column":17},"end":{"line":25,"column":null}},"type":"cond-expr","locations":[{"start":{"line":24,"column":33},"end":{"line":24,"column":53}},{"start":{"line":24,"column":52},"end":{"line":25,"column":null}}],"line":24}},"s":{"0":3,"1":3},"f":{"0":3},"b":{"0":[3],"1":[1,2]},"meta":{"lastBranch":2,"lastFunction":1,"lastStatement":2,"seen":{"f:11:16:11:21":0,"b:11:30:11:41":0,"s:12:22:15:Infinity":0,"s:17:4:26:Infinity":1,"b:24:33:24:53:24:52:25:Infinity":1}}}
,"/home/isaque/fga/7_semestre/pi1/2026.1_PI1_Grupo01_Bruno/src/frontend/src/components/Cell/Cell.tsx": {"path":"/home/isaque/fga/7_semestre/pi1/2026.1_PI1_Grupo01_Bruno/src/frontend/src/components/Cell/Cell.tsx","statementMap":{"0":{"start":{"line":15,"column":4},"end":{"line":15,"column":null}},"1":{"start":{"line":15,"column":93},"end":{"line":15,"column":null}},"2":{"start":{"line":16,"column":4},"end":{"line":16,"column":null}},"3":{"start":{"line":16,"column":93},"end":{"line":16,"column":null}},"4":{"start":{"line":17,"column":4},"end":{"line":17,"column":null}},"5":{"start":{"line":17,"column":80},"end":{"line":17,"column":null}},"6":{"start":{"line":18,"column":4},"end":{"line":18,"column":null}},"7":{"start":{"line":22,"column":4},"end":{"line":22,"column":null}},"8":{"start":{"line":22,"column":93},"end":{"line":22,"column":null}},"9":{"start":{"line":23,"column":4},"end":{"line":23,"column":null}},"10":{"start":{"line":23,"column":93},"end":{"line":23,"column":null}},"11":{"start":{"line":24,"column":4},"end":{"line":24,"column":null}},"12":{"start":{"line":24,"column":82},"end":{"line":24,"column":null}},"13":{"start":{"line":25,"column":4},"end":{"line":25,"column":null}},"14":{"start":{"line":29,"column":4},"end":{"line":29,"column":null}},"15":{"start":{"line":29,"column":54},"end":{"line":29,"column":null}},"16":{"start":{"line":30,"column":4},"end":{"line":30,"column":null}},"17":{"start":{"line":30,"column":93},"end":{"line":30,"column":null}},"18":{"start":{"line":31,"column":4},"end":{"line":31,"column":null}},"19":{"start":{"line":31,"column":86},"end":{"line":31,"column":null}},"20":{"start":{"line":32,"column":4},"end":{"line":32,"column":null}},"21":{"start":{"line":36,"column":4},"end":{"line":36,"column":null}},"22":{"start":{"line":36,"column":93},"end":{"line":36,"column":null}},"23":{"start":{"line":37,"column":4},"end":{"line":37,"column":null}},"24":{"start":{"line":37,"column":93},"end":{"line":37,"column":null}},"25":{"start":{"line":38,"column":4},"end":{"line":38,"column":null}},"26":{"start":{"line":38,"column":88},"end":{"line":38,"column":null}},"27":{"start":{"line":39,"column":4},"end":{"line":39,"column":null}},"28":{"start":{"line":45,"column":10},"end":{"line":45,"column":null}},"29":{"start":{"line":45,"column":34},"end":{"line":45,"column":null}},"30":{"start":{"line":46,"column":4},"end":{"line":46,"column":null}},"31":{"start":{"line":46,"column":68},"end":{"line":46,"column":null}},"32":{"start":{"line":47,"column":4},"end":{"line":47,"column":null}},"33":{"start":{"line":47,"column":54},"end":{"line":47,"column":null}},"34":{"start":{"line":48,"column":4},"end":{"line":48,"column":null}},"35":{"start":{"line":48,"column":51},"end":{"line":48,"column":null}},"36":{"start":{"line":49,"column":4},"end":{"line":49,"column":null}},"37":{"start":{"line":49,"column":53},"end":{"line":49,"column":null}},"38":{"start":{"line":50,"column":4},"end":{"line":50,"column":null}},"39":{"start":{"line":50,"column":52},"end":{"line":50,"column":null}},"40":{"start":{"line":51,"column":4},"end":{"line":51,"column":null}},"41":{"start":{"line":56,"column":4},"end":{"line":68,"column":null}},"42":{"start":{"line":57,"column":26},"end":{"line":57,"column":null}},"43":{"start":{"line":57,"column":46},"end":{"line":57,"column":60}},"44":{"start":{"line":58,"column":21},"end":{"line":58,"column":null}},"45":{"start":{"line":59,"column":33},"end":{"line":59,"column":null}},"46":{"start":{"line":60,"column":8},"end":{"line":66,"column":null}},"47":{"start":{"line":71,"column":19},"end":{"line":71,"column":null}},"48":{"start":{"line":73,"column":4},"end":{"line":82,"column":null}}},"fnMap":{"0":{"name":"getCell1Side","decl":{"start":{"line":14,"column":9},"end":{"line":14,"column":22}},"loc":{"start":{"line":14,"column":56},"end":{"line":19,"column":null}},"line":14},"1":{"name":"getCell2Side","decl":{"start":{"line":21,"column":9},"end":{"line":21,"column":22}},"loc":{"start":{"line":21,"column":56},"end":{"line":26,"column":null}},"line":21},"2":{"name":"getCell3Side","decl":{"start":{"line":28,"column":9},"end":{"line":28,"column":22}},"loc":{"start":{"line":28,"column":56},"end":{"line":33,"column":null}},"line":28},"3":{"name":"getCell4Side","decl":{"start":{"line":35,"column":9},"end":{"line":35,"column":22}},"loc":{"start":{"line":35,"column":56},"end":{"line":40,"column":null}},"line":35},"4":{"name":"getMultiVisitSides","decl":{"start":{"line":44,"column":9},"end":{"line":44,"column":28}},"loc":{"start":{"line":44,"column":80},"end":{"line":52,"column":null}},"line":44},"5":{"name":"(anonymous_5)","decl":{"start":{"line":45,"column":10},"end":{"line":45,"column":17}},"loc":{"start":{"line":45,"column":34},"end":{"line":45,"column":null}},"line":45},"6":{"name":"Cell","decl":{"start":{"line":54,"column":16},"end":{"line":54,"column":21}},"loc":{"start":{"line":54,"column":85},"end":{"line":84,"column":null}},"line":54},"7":{"name":"(anonymous_7)","decl":{"start":{"line":57,"column":33},"end":{"line":57,"column":41}},"loc":{"start":{"line":57,"column":46},"end":{"line":57,"column":60}},"line":57}},"branchMap":{"0":{"loc":{"start":{"line":15,"column":4},"end":{"line":15,"column":null}},"type":"if","locations":[{"start":{"line":15,"column":4},"end":{"line":15,"column":null}},{"start":{},"end":{}}],"line":15},"1":{"loc":{"start":{"line":15,"column":9},"end":{"line":15,"column":93}},"type":"binary-expr","locations":[{"start":{"line":15,"column":9},"end":{"line":15,"column":30}},{"start":{"line":15,"column":30},"end":{"line":15,"column":48}},{"start":{"line":15,"column":48},"end":{"line":15,"column":67}},{"start":{"line":15,"column":67},"end":{"line":15,"column":74}},{"start":{"line":15,"column":74},"end":{"line":15,"column":93}}],"line":15},"2":{"loc":{"start":{"line":16,"column":4},"end":{"line":16,"column":null}},"type":"if","locations":[{"start":{"line":16,"column":4},"end":{"line":16,"column":null}},{"start":{},"end":{}}],"line":16},"3":{"loc":{"start":{"line":16,"column":9},"end":{"line":16,"column":93}},"type":"binary-expr","locations":[{"start":{"line":16,"column":9},"end":{"line":16,"column":29}},{"start":{"line":16,"column":29},"end":{"line":16,"column":36}},{"start":{"line":16,"column":36},"end":{"line":16,"column":57}},{"start":{"line":16,"column":57},"end":{"line":16,"column":77}},{"start":{"line":16,"column":77},"end":{"line":16,"column":93}}],"line":16},"4":{"loc":{"start":{"line":17,"column":4},"end":{"line":17,"column":null}},"type":"if","locations":[{"start":{"line":17,"column":4},"end":{"line":17,"column":null}},{"start":{},"end":{}}],"line":17},"5":{"loc":{"start":{"line":17,"column":9},"end":{"line":17,"column":80}},"type":"binary-expr","locations":[{"start":{"line":17,"column":9},"end":{"line":17,"column":28}},{"start":{"line":17,"column":28},"end":{"line":17,"column":46}},{"start":{"line":17,"column":46},"end":{"line":17,"column":64}},{"start":{"line":17,"column":64},"end":{"line":17,"column":80}}],"line":17},"6":{"loc":{"start":{"line":22,"column":4},"end":{"line":22,"column":null}},"type":"if","locations":[{"start":{"line":22,"column":4},"end":{"line":22,"column":null}},{"start":{},"end":{}}],"line":22},"7":{"loc":{"start":{"line":22,"column":9},"end":{"line":22,"column":93}},"type":"binary-expr","locations":[{"start":{"line":22,"column":9},"end":{"line":22,"column":30}},{"start":{"line":22,"column":30},"end":{"line":22,"column":48}},{"start":{"line":22,"column":48},"end":{"line":22,"column":67}},{"start":{"line":22,"column":67},"end":{"line":22,"column":74}},{"start":{"line":22,"column":74},"end":{"line":22,"column":93}}],"line":22},"8":{"loc":{"start":{"line":23,"column":4},"end":{"line":23,"column":null}},"type":"if","locations":[{"start":{"line":23,"column":4},"end":{"line":23,"column":null}},{"start":{},"end":{}}],"line":23},"9":{"loc":{"start":{"line":23,"column":9},"end":{"line":23,"column":93}},"type":"binary-expr","locations":[{"start":{"line":23,"column":9},"end":{"line":23,"column":30}},{"start":{"line":23,"column":30},"end":{"line":23,"column":37}},{"start":{"line":23,"column":37},"end":{"line":23,"column":57}},{"start":{"line":23,"column":57},"end":{"line":23,"column":76}},{"start":{"line":23,"column":76},"end":{"line":23,"column":93}}],"line":23},"10":{"loc":{"start":{"line":24,"column":4},"end":{"line":24,"column":null}},"type":"if","locations":[{"start":{"line":24,"column":4},"end":{"line":24,"column":null}},{"start":{},"end":{}}],"line":24},"11":{"loc":{"start":{"line":24,"column":9},"end":{"line":24,"column":82}},"type":"binary-expr","locations":[{"start":{"line":24,"column":9},"end":{"line":24,"column":29}},{"start":{"line":24,"column":29},"end":{"line":24,"column":47}},{"start":{"line":24,"column":47},"end":{"line":24,"column":65}},{"start":{"line":24,"column":65},"end":{"line":24,"column":82}}],"line":24},"12":{"loc":{"start":{"line":29,"column":4},"end":{"line":29,"column":null}},"type":"if","locations":[{"start":{"line":29,"column":4},"end":{"line":29,"column":null}},{"start":{},"end":{}}],"line":29},"13":{"loc":{"start":{"line":29,"column":9},"end":{"line":29,"column":54}},"type":"binary-expr","locations":[{"start":{"line":29,"column":9},"end":{"line":29,"column":31}},{"start":{"line":29,"column":31},"end":{"line":29,"column":38}},{"start":{"line":29,"column":38},"end":{"line":29,"column":54}}],"line":29},"14":{"loc":{"start":{"line":30,"column":4},"end":{"line":30,"column":null}},"type":"if","locations":[{"start":{"line":30,"column":4},"end":{"line":30,"column":null}},{"start":{},"end":{}}],"line":30},"15":{"loc":{"start":{"line":30,"column":9},"end":{"line":30,"column":93}},"type":"binary-expr","locations":[{"start":{"line":30,"column":9},"end":{"line":30,"column":29}},{"start":{"line":30,"column":29},"end":{"line":30,"column":36}},{"start":{"line":30,"column":36},"end":{"line":30,"column":57}},{"start":{"line":30,"column":57},"end":{"line":30,"column":77}},{"start":{"line":30,"column":77},"end":{"line":30,"column":93}}],"line":30},"16":{"loc":{"start":{"line":31,"column":4},"end":{"line":31,"column":null}},"type":"if","locations":[{"start":{"line":31,"column":4},"end":{"line":31,"column":null}},{"start":{},"end":{}}],"line":31},"17":{"loc":{"start":{"line":31,"column":9},"end":{"line":31,"column":86}},"type":"binary-expr","locations":[{"start":{"line":31,"column":9},"end":{"line":31,"column":28}},{"start":{"line":31,"column":28},"end":{"line":31,"column":49}},{"start":{"line":31,"column":49},"end":{"line":31,"column":70}},{"start":{"line":31,"column":70},"end":{"line":31,"column":86}}],"line":31},"18":{"loc":{"start":{"line":36,"column":4},"end":{"line":36,"column":null}},"type":"if","locations":[{"start":{"line":36,"column":4},"end":{"line":36,"column":null}},{"start":{},"end":{}}],"line":36},"19":{"loc":{"start":{"line":36,"column":9},"end":{"line":36,"column":93}},"type":"binary-expr","locations":[{"start":{"line":36,"column":9},"end":{"line":36,"column":27}},{"start":{"line":36,"column":27},"end":{"line":36,"column":48}},{"start":{"line":36,"column":48},"end":{"line":36,"column":70}},{"start":{"line":36,"column":70},"end":{"line":36,"column":77}},{"start":{"line":36,"column":77},"end":{"line":36,"column":93}}],"line":36},"20":{"loc":{"start":{"line":37,"column":4},"end":{"line":37,"column":null}},"type":"if","locations":[{"start":{"line":37,"column":4},"end":{"line":37,"column":null}},{"start":{},"end":{}}],"line":37},"21":{"loc":{"start":{"line":37,"column":9},"end":{"line":37,"column":93}},"type":"binary-expr","locations":[{"start":{"line":37,"column":9},"end":{"line":37,"column":30}},{"start":{"line":37,"column":30},"end":{"line":37,"column":37}},{"start":{"line":37,"column":37},"end":{"line":37,"column":57}},{"start":{"line":37,"column":57},"end":{"line":37,"column":76}},{"start":{"line":37,"column":76},"end":{"line":37,"column":93}}],"line":37},"22":{"loc":{"start":{"line":38,"column":4},"end":{"line":38,"column":null}},"type":"if","locations":[{"start":{"line":38,"column":4},"end":{"line":38,"column":null}},{"start":{},"end":{}}],"line":38},"23":{"loc":{"start":{"line":38,"column":9},"end":{"line":38,"column":88}},"type":"binary-expr","locations":[{"start":{"line":38,"column":9},"end":{"line":38,"column":29}},{"start":{"line":38,"column":29},"end":{"line":38,"column":50}},{"start":{"line":38,"column":50},"end":{"line":38,"column":71}},{"start":{"line":38,"column":71},"end":{"line":38,"column":88}}],"line":38},"24":{"loc":{"start":{"line":46,"column":4},"end":{"line":46,"column":null}},"type":"if","locations":[{"start":{"line":46,"column":4},"end":{"line":46,"column":null}},{"start":{},"end":{}}],"line":46},"25":{"loc":{"start":{"line":46,"column":8},"end":{"line":46,"column":68}},"type":"binary-expr","locations":[{"start":{"line":46,"column":8},"end":{"line":46,"column":23}},{"start":{"line":46,"column":23},"end":{"line":46,"column":39}},{"start":{"line":46,"column":39},"end":{"line":46,"column":53}},{"start":{"line":46,"column":53},"end":{"line":46,"column":68}}],"line":46},"26":{"loc":{"start":{"line":47,"column":4},"end":{"line":47,"column":null}},"type":"if","locations":[{"start":{"line":47,"column":4},"end":{"line":47,"column":null}},{"start":{},"end":{}}],"line":47},"27":{"loc":{"start":{"line":47,"column":8},"end":{"line":47,"column":54}},"type":"binary-expr","locations":[{"start":{"line":47,"column":8},"end":{"line":47,"column":24}},{"start":{"line":47,"column":24},"end":{"line":47,"column":39}},{"start":{"line":47,"column":39},"end":{"line":47,"column":54}}],"line":47},"28":{"loc":{"start":{"line":48,"column":4},"end":{"line":48,"column":null}},"type":"if","locations":[{"start":{"line":48,"column":4},"end":{"line":48,"column":null}},{"start":{},"end":{}}],"line":48},"29":{"loc":{"start":{"line":48,"column":8},"end":{"line":48,"column":51}},"type":"binary-expr","locations":[{"start":{"line":48,"column":8},"end":{"line":48,"column":24}},{"start":{"line":48,"column":24},"end":{"line":48,"column":39}},{"start":{"line":48,"column":39},"end":{"line":48,"column":51}}],"line":48},"30":{"loc":{"start":{"line":49,"column":4},"end":{"line":49,"column":null}},"type":"if","locations":[{"start":{"line":49,"column":4},"end":{"line":49,"column":null}},{"start":{},"end":{}}],"line":49},"31":{"loc":{"start":{"line":49,"column":8},"end":{"line":49,"column":53}},"type":"binary-expr","locations":[{"start":{"line":49,"column":8},"end":{"line":49,"column":24}},{"start":{"line":49,"column":24},"end":{"line":49,"column":38}},{"start":{"line":49,"column":38},"end":{"line":49,"column":53}}],"line":49},"32":{"loc":{"start":{"line":50,"column":4},"end":{"line":50,"column":null}},"type":"if","locations":[{"start":{"line":50,"column":4},"end":{"line":50,"column":null}},{"start":{},"end":{}}],"line":50},"33":{"loc":{"start":{"line":50,"column":8},"end":{"line":50,"column":52}},"type":"binary-expr","locations":[{"start":{"line":50,"column":8},"end":{"line":50,"column":23}},{"start":{"line":50,"column":23},"end":{"line":50,"column":37}},{"start":{"line":50,"column":37},"end":{"line":50,"column":52}}],"line":50},"34":{"loc":{"start":{"line":54,"column":41},"end":{"line":54,"column":55}},"type":"default-arg","locations":[{"start":{"line":54,"column":48},"end":{"line":54,"column":55}}],"line":54},"35":{"loc":{"start":{"line":54,"column":55},"end":{"line":54,"column":85}},"type":"default-arg","locations":[{"start":{"line":54,"column":65},"end":{"line":54,"column":85}}],"line":54},"36":{"loc":{"start":{"line":56,"column":4},"end":{"line":68,"column":null}},"type":"if","locations":[{"start":{"line":56,"column":4},"end":{"line":68,"column":null}},{"start":{},"end":{}}],"line":56},"37":{"loc":{"start":{"line":56,"column":8},"end":{"line":56,"column":37}},"type":"binary-expr","locations":[{"start":{"line":56,"column":8},"end":{"line":56,"column":18}},{"start":{"line":56,"column":18},"end":{"line":56,"column":37}}],"line":56},"38":{"loc":{"start":{"line":71,"column":19},"end":{"line":71,"column":null}},"type":"binary-expr","locations":[{"start":{"line":71,"column":19},"end":{"line":71,"column":29}},{"start":{"line":71,"column":29},"end":{"line":71,"column":37}},{"start":{"line":71,"column":37},"end":{"line":71,"column":null}}],"line":71},"39":{"loc":{"start":{"line":74,"column":42},"end":{"line":74,"column":66}},"type":"cond-expr","locations":[{"start":{"line":74,"column":49},"end":{"line":74,"column":63}},{"start":{"line":74,"column":63},"end":{"line":74,"column":66}}],"line":74},"40":{"loc":{"start":{"line":74,"column":69},"end":{"line":74,"column":99}},"type":"cond-expr","locations":[{"start":{"line":74,"column":79},"end":{"line":74,"column":96}},{"start":{"line":74,"column":96},"end":{"line":74,"column":99}}],"line":74},"41":{"loc":{"start":{"line":74,"column":102},"end":{"line":74,"column":null}},"type":"cond-expr","locations":[{"start":{"line":74,"column":111},"end":{"line":74,"column":125}},{"start":{"line":74,"column":125},"end":{"line":74,"column":null}}],"line":74},"42":{"loc":{"start":{"line":75,"column":13},"end":{"line":81,"column":null}},"type":"binary-expr","locations":[{"start":{"line":75,"column":13},"end":{"line":75,"column":22}},{"start":{"line":75,"column":22},"end":{"line":81,"column":null}}],"line":75},"43":{"loc":{"start":{"line":80,"column":17},"end":{"line":80,"column":null}},"type":"binary-expr","locations":[{"start":{"line":80,"column":17},"end":{"line":80,"column":25}},{"start":{"line":80,"column":25},"end":{"line":80,"column":32}},{"start":{"line":80,"column":32},"end":{"line":80,"column":null}}],"line":80}},"s":{"0":804,"1":0,"2":804,"3":1,"4":803,"5":0,"6":803,"7":804,"8":0,"9":804,"10":0,"11":804,"12":0,"13":804,"14":804,"15":0,"16":804,"17":1,"18":803,"19":0,"20":803,"21":804,"22":0,"23":804,"24":0,"25":804,"26":0,"27":804,"28":3,"29":33,"30":3,"31":0,"32":3,"33":0,"34":3,"35":2,"36":1,"37":0,"38":1,"39":0,"40":1,"41":3574,"42":3,"43":5,"44":3,"45":3,"46":3,"47":3571,"48":3574},"f":{"0":804,"1":804,"2":804,"3":804,"4":3,"5":33,"6":3574,"7":5},"b":{"0":[0,804],"1":[804,0,804,0,0],"2":[1,803],"3":[804,1,0,803,0],"4":[0,803],"5":[803,0,803,0],"6":[0,804],"7":[804,0,804,0,0],"8":[0,804],"9":[804,0,0,804,1],"10":[0,804],"11":[804,0,804,0],"12":[0,804],"13":[804,0,0],"14":[1,803],"15":[804,1,0,803,0],"16":[0,803],"17":[803,0,803,0],"18":[0,804],"19":[804,0,804,0,0],"20":[0,804],"21":[804,0,0,804,1],"22":[0,804],"23":[804,0,804,0],"24":[0,3],"25":[3,3,3,2],"26":[0,3],"27":[3,3,3],"28":[2,1],"29":[3,3,3],"30":[0,1],"31":[1,1,0],"32":[0,1],"33":[1,1,0],"34":[3574],"35":[3574],"36":[3,3571],"37":[3574,3],"38":[3571,804,803],"39":[2767,804],"40":[3557,14],"41":[1,3570],"42":[3574,804],"43":[804,1,1]},"meta":{"lastBranch":44,"lastFunction":8,"lastStatement":49,"seen":{"f:14:9:14:22":0,"b:15:4:15:Infinity:undefined:undefined:undefined:undefined":0,"s:15:4:15:Infinity":0,"b:15:9:15:30:15:30:15:48:15:48:15:67:15:67:15:74:15:74:15:93":1,"s:15:93:15:Infinity":1,"b:16:4:16:Infinity:undefined:undefined:undefined:undefined":2,"s:16:4:16:Infinity":2,"b:16:9:16:29:16:29:16:36:16:36:16:57:16:57:16:77:16:77:16:93":3,"s:16:93:16:Infinity":3,"b:17:4:17:Infinity:undefined:undefined:undefined:undefined":4,"s:17:4:17:Infinity":4,"b:17:9:17:28:17:28:17:46:17:46:17:64:17:64:17:80":5,"s:17:80:17:Infinity":5,"s:18:4:18:Infinity":6,"f:21:9:21:22":1,"b:22:4:22:Infinity:undefined:undefined:undefined:undefined":6,"s:22:4:22:Infinity":7,"b:22:9:22:30:22:30:22:48:22:48:22:67:22:67:22:74:22:74:22:93":7,"s:22:93:22:Infinity":8,"b:23:4:23:Infinity:undefined:undefined:undefined:undefined":8,"s:23:4:23:Infinity":9,"b:23:9:23:30:23:30:23:37:23:37:23:57:23:57:23:76:23:76:23:93":9,"s:23:93:23:Infinity":10,"b:24:4:24:Infinity:undefined:undefined:undefined:undefined":10,"s:24:4:24:Infinity":11,"b:24:9:24:29:24:29:24:47:24:47:24:65:24:65:24:82":11,"s:24:82:24:Infinity":12,"s:25:4:25:Infinity":13,"f:28:9:28:22":2,"b:29:4:29:Infinity:undefined:undefined:undefined:undefined":12,"s:29:4:29:Infinity":14,"b:29:9:29:31:29:31:29:38:29:38:29:54":13,"s:29:54:29:Infinity":15,"b:30:4:30:Infinity:undefined:undefined:undefined:undefined":14,"s:30:4:30:Infinity":16,"b:30:9:30:29:30:29:30:36:30:36:30:57:30:57:30:77:30:77:30:93":15,"s:30:93:30:Infinity":17,"b:31:4:31:Infinity:undefined:undefined:undefined:undefined":16,"s:31:4:31:Infinity":18,"b:31:9:31:28:31:28:31:49:31:49:31:70:31:70:31:86":17,"s:31:86:31:Infinity":19,"s:32:4:32:Infinity":20,"f:35:9:35:22":3,"b:36:4:36:Infinity:undefined:undefined:undefined:undefined":18,"s:36:4:36:Infinity":21,"b:36:9:36:27:36:27:36:48:36:48:36:70:36:70:36:77:36:77:36:93":19,"s:36:93:36:Infinity":22,"b:37:4:37:Infinity:undefined:undefined:undefined:undefined":20,"s:37:4:37:Infinity":23,"b:37:9:37:30:37:30:37:37:37:37:37:57:37:57:37:76:37:76:37:93":21,"s:37:93:37:Infinity":24,"b:38:4:38:Infinity:undefined:undefined:undefined:undefined":22,"s:38:4:38:Infinity":25,"b:38:9:38:29:38:29:38:50:38:50:38:71:38:71:38:88":23,"s:38:88:38:Infinity":26,"s:39:4:39:Infinity":27,"f:44:9:44:28":4,"s:45:10:45:Infinity":28,"f:45:10:45:17":5,"s:45:34:45:Infinity":29,"b:46:4:46:Infinity:undefined:undefined:undefined:undefined":24,"s:46:4:46:Infinity":30,"b:46:8:46:23:46:23:46:39:46:39:46:53:46:53:46:68":25,"s:46:68:46:Infinity":31,"b:47:4:47:Infinity:undefined:undefined:undefined:undefined":26,"s:47:4:47:Infinity":32,"b:47:8:47:24:47:24:47:39:47:39:47:54":27,"s:47:54:47:Infinity":33,"b:48:4:48:Infinity:undefined:undefined:undefined:undefined":28,"s:48:4:48:Infinity":34,"b:48:8:48:24:48:24:48:39:48:39:48:51":29,"s:48:51:48:Infinity":35,"b:49:4:49:Infinity:undefined:undefined:undefined:undefined":30,"s:49:4:49:Infinity":36,"b:49:8:49:24:49:24:49:38:49:38:49:53":31,"s:49:53:49:Infinity":37,"b:50:4:50:Infinity:undefined:undefined:undefined:undefined":32,"s:50:4:50:Infinity":38,"b:50:8:50:23:50:23:50:37:50:37:50:52":33,"s:50:52:50:Infinity":39,"s:51:4:51:Infinity":40,"f:54:16:54:21":6,"b:54:48:54:55":34,"b:54:65:54:85":35,"b:56:4:68:Infinity:undefined:undefined:undefined:undefined":36,"s:56:4:68:Infinity":41,"b:56:8:56:18:56:18:56:37":37,"s:57:26:57:Infinity":42,"f:57:33:57:41":7,"s:57:46:57:60":43,"s:58:21:58:Infinity":44,"s:59:33:59:Infinity":45,"s:60:8:66:Infinity":46,"s:71:19:71:Infinity":47,"b:71:19:71:29:71:29:71:37:71:37:71:Infinity":38,"s:73:4:82:Infinity":48,"b:74:49:74:63:74:63:74:66":39,"b:74:79:74:96:74:96:74:99":40,"b:74:111:74:125:74:125:74:Infinity":41,"b:75:13:75:22:75:22:81:Infinity":42,"b:80:17:80:25:80:25:80:32:80:32:80:Infinity":43}}}
,"/home/isaque/fga/7_semestre/pi1/2026.1_PI1_Grupo01_Bruno/src/frontend/src/components/Chart/Chart.tsx": {"path":"/home/isaque/fga/7_semestre/pi1/2026.1_PI1_Grupo01_Bruno/src/frontend/src/components/Chart/Chart.tsx","statementMap":{"0":{"start":{"line":25,"column":17},"end":{"line":25,"column":null}},"1":{"start":{"line":27,"column":2},"end":{"line":56,"column":null}},"2":{"start":{"line":28,"column":10},"end":{"line":30,"column":null}},"3":{"start":{"line":32,"column":10},"end":{"line":36,"column":null}},"4":{"start":{"line":33,"column":6},"end":{"line":35,"column":null}},"5":{"start":{"line":38,"column":10},"end":{"line":40,"column":null}},"6":{"start":{"line":39,"column":6},"end":{"line":39,"column":null}},"7":{"start":{"line":39,"column":24},"end":{"line":39,"column":39}},"8":{"start":{"line":42,"column":10},"end":{"line":44,"column":null}},"9":{"start":{"line":43,"column":6},"end":{"line":43,"column":null}},"10":{"start":{"line":43,"column":17},"end":{"line":43,"column":null}},"11":{"start":{"line":46,"column":4},"end":{"line":46,"column":null}},"12":{"start":{"line":47,"column":4},"end":{"line":47,"column":null}},"13":{"start":{"line":48,"column":4},"end":{"line":48,"column":null}},"14":{"start":{"line":50,"column":4},"end":{"line":55,"column":null}},"15":{"start":{"line":51,"column":6},"end":{"line":51,"column":null}},"16":{"start":{"line":52,"column":6},"end":{"line":52,"column":null}},"17":{"start":{"line":53,"column":6},"end":{"line":53,"column":null}},"18":{"start":{"line":54,"column":6},"end":{"line":54,"column":null}},"19":{"start":{"line":58,"column":8},"end":{"line":58,"column":null}},"20":{"start":{"line":61,"column":2},"end":{"line":63,"column":null}},"21":{"start":{"line":62,"column":33},"end":{"line":62,"column":70}},"22":{"start":{"line":65,"column":8},"end":{"line":71,"column":null}},"23":{"start":{"line":66,"column":4},"end":{"line":66,"column":null}},"24":{"start":{"line":66,"column":34},"end":{"line":66,"column":null}},"25":{"start":{"line":67,"column":4},"end":{"line":67,"column":null}},"26":{"start":{"line":67,"column":33},"end":{"line":67,"column":null}},"27":{"start":{"line":68,"column":4},"end":{"line":68,"column":null}},"28":{"start":{"line":68,"column":30},"end":{"line":68,"column":null}},"29":{"start":{"line":69,"column":4},"end":{"line":69,"column":null}},"30":{"start":{"line":69,"column":32},"end":{"line":69,"column":null}},"31":{"start":{"line":70,"column":4},"end":{"line":70,"column":null}},"32":{"start":{"line":73,"column":2},"end":{"line":104,"column":null}}},"fnMap":{"0":{"name":"Chart","decl":{"start":{"line":24,"column":16},"end":{"line":24,"column":22}},"loc":{"start":{"line":24,"column":60},"end":{"line":106,"column":null}},"line":24},"1":{"name":"(anonymous_1)","decl":{"start":{"line":27,"column":2},"end":{"line":27,"column":18}},"loc":{"start":{"line":27,"column":18},"end":{"line":56,"column":5}},"line":27},"2":{"name":"(anonymous_2)","decl":{"start":{"line":32,"column":10},"end":{"line":32,"column":31}},"loc":{"start":{"line":32,"column":52},"end":{"line":36,"column":null}},"line":32},"3":{"name":"(anonymous_3)","decl":{"start":{"line":38,"column":10},"end":{"line":38,"column":34}},"loc":{"start":{"line":38,"column":48},"end":{"line":40,"column":null}},"line":38},"4":{"name":"(anonymous_4)","decl":{"start":{"line":39,"column":6},"end":{"line":39,"column":16}},"loc":{"start":{"line":39,"column":24},"end":{"line":39,"column":39}},"line":39},"5":{"name":"(anonymous_5)","decl":{"start":{"line":42,"column":10},"end":{"line":42,"column":37}},"loc":{"start":{"line":42,"column":56},"end":{"line":44,"column":null}},"line":42},"6":{"name":"(anonymous_6)","decl":{"start":{"line":50,"column":4},"end":{"line":50,"column":17}},"loc":{"start":{"line":50,"column":17},"end":{"line":55,"column":null}},"line":50},"7":{"name":"(anonymous_7)","decl":{"start":{"line":62,"column":11},"end":{"line":62,"column":19}},"loc":{"start":{"line":62,"column":33},"end":{"line":62,"column":70}},"line":62},"8":{"name":"(anonymous_8)","decl":{"start":{"line":65,"column":8},"end":{"line":65,"column":23}},"loc":{"start":{"line":65,"column":41},"end":{"line":71,"column":null}},"line":65}},"branchMap":{"0":{"loc":{"start":{"line":34,"column":8},"end":{"line":34,"column":null}},"type":"cond-expr","locations":[{"start":{"line":34,"column":30},"end":{"line":34,"column":66}},{"start":{"line":34,"column":66},"end":{"line":34,"column":null}}],"line":34},"1":{"loc":{"start":{"line":43,"column":6},"end":{"line":43,"column":null}},"type":"if","locations":[{"start":{"line":43,"column":6},"end":{"line":43,"column":null}},{"start":{},"end":{}}],"line":43},"2":{"loc":{"start":{"line":61,"column":2},"end":{"line":63,"column":null}},"type":"cond-expr","locations":[{"start":{"line":62,"column":6},"end":{"line":62,"column":null}},{"start":{"line":63,"column":6},"end":{"line":63,"column":null}}],"line":61},"3":{"loc":{"start":{"line":62,"column":41},"end":{"line":62,"column":70}},"type":"binary-expr","locations":[{"start":{"line":62,"column":41},"end":{"line":62,"column":66}},{"start":{"line":62,"column":66},"end":{"line":62,"column":70}}],"line":62},"4":{"loc":{"start":{"line":66,"column":4},"end":{"line":66,"column":null}},"type":"if","locations":[{"start":{"line":66,"column":4},"end":{"line":66,"column":null}},{"start":{},"end":{}}],"line":66},"5":{"loc":{"start":{"line":67,"column":4},"end":{"line":67,"column":null}},"type":"if","locations":[{"start":{"line":67,"column":4},"end":{"line":67,"column":null}},{"start":{},"end":{}}],"line":67},"6":{"loc":{"start":{"line":68,"column":4},"end":{"line":68,"column":null}},"type":"if","locations":[{"start":{"line":68,"column":4},"end":{"line":68,"column":null}},{"start":{},"end":{}}],"line":68},"7":{"loc":{"start":{"line":69,"column":4},"end":{"line":69,"column":null}},"type":"if","locations":[{"start":{"line":69,"column":4},"end":{"line":69,"column":null}},{"start":{},"end":{}}],"line":69},"8":{"loc":{"start":{"line":78,"column":9},"end":{"line":88,"column":null}},"type":"binary-expr","locations":[{"start":{"line":78,"column":9},"end":{"line":78,"column":null}},{"start":{"line":79,"column":10},"end":{"line":88,"column":null}}],"line":78},"9":{"loc":{"start":{"line":80,"column":13},"end":{"line":85,"column":13}},"type":"binary-expr","locations":[{"start":{"line":80,"column":13},"end":{"line":80,"column":null}},{"start":{"line":81,"column":14},"end":{"line":85,"column":13}}],"line":80}},"s":{"0":107,"1":107,"2":107,"3":107,"4":0,"5":107,"6":0,"7":0,"8":107,"9":0,"10":0,"11":107,"12":107,"13":107,"14":107,"15":107,"16":107,"17":107,"18":107,"19":107,"20":107,"21":0,"22":107,"23":0,"24":0,"25":0,"26":0,"27":0,"28":0,"29":0,"30":0,"31":0,"32":107},"f":{"0":107,"1":107,"2":0,"3":0,"4":0,"5":0,"6":107,"7":0,"8":0},"b":{"0":[0,0],"1":[0,0],"2":[0,107],"3":[0,0],"4":[0,0],"5":[0,0],"6":[0,0],"7":[0,0],"8":[107,0],"9":[0,0]},"meta":{"lastBranch":10,"lastFunction":9,"lastStatement":33,"seen":{"f:24:16:24:22":0,"s:25:17:25:Infinity":0,"s:27:2:56:Infinity":1,"f:27:2:27:18":1,"s:28:10:30:Infinity":2,"s:32:10:36:Infinity":3,"f:32:10:32:31":2,"s:33:6:35:Infinity":4,"b:34:30:34:66:34:66:34:Infinity":0,"s:38:10:40:Infinity":5,"f:38:10:38:34":3,"s:39:6:39:Infinity":6,"f:39:6:39:16":4,"s:39:24:39:39":7,"s:42:10:44:Infinity":8,"f:42:10:42:37":5,"b:43:6:43:Infinity:undefined:undefined:undefined:undefined":1,"s:43:6:43:Infinity":9,"s:43:17:43:Infinity":10,"s:46:4:46:Infinity":11,"s:47:4:47:Infinity":12,"s:48:4:48:Infinity":13,"s:50:4:55:Infinity":14,"f:50:4:50:17":6,"s:51:6:51:Infinity":15,"s:52:6:52:Infinity":16,"s:53:6:53:Infinity":17,"s:54:6:54:Infinity":18,"s:58:8:58:Infinity":19,"s:61:2:63:Infinity":20,"b:62:6:62:Infinity:63:6:63:Infinity":2,"f:62:11:62:19":7,"s:62:33:62:70":21,"b:62:41:62:66:62:66:62:70":3,"s:65:8:71:Infinity":22,"f:65:8:65:23":8,"b:66:4:66:Infinity:undefined:undefined:undefined:undefined":4,"s:66:4:66:Infinity":23,"s:66:34:66:Infinity":24,"b:67:4:67:Infinity:undefined:undefined:undefined:undefined":5,"s:67:4:67:Infinity":25,"s:67:33:67:Infinity":26,"b:68:4:68:Infinity:undefined:undefined:undefined:undefined":6,"s:68:4:68:Infinity":27,"s:68:30:68:Infinity":28,"b:69:4:69:Infinity:undefined:undefined:undefined:undefined":7,"s:69:4:69:Infinity":29,"s:69:32:69:Infinity":30,"s:70:4:70:Infinity":31,"s:73:2:104:Infinity":32,"b:78:9:78:Infinity:79:10:88:Infinity":8,"b:80:13:80:Infinity:81:14:85:13":9}}}
,"/home/isaque/fga/7_semestre/pi1/2026.1_PI1_Grupo01_Bruno/src/frontend/src/components/Chart/chartCalculations.ts": {"path":"/home/isaque/fga/7_semestre/pi1/2026.1_PI1_Grupo01_Bruno/src/frontend/src/components/Chart/chartCalculations.ts","statementMap":{"0":{"start":{"line":12,"column":2},"end":{"line":42,"column":null}},"1":{"start":{"line":13,"column":20},"end":{"line":15,"column":null}},"2":{"start":{"line":14,"column":16},"end":{"line":14,"column":null}},"3":{"start":{"line":17,"column":4},"end":{"line":35,"column":null}},"4":{"start":{"line":18,"column":22},"end":{"line":18,"column":null}},"5":{"start":{"line":20,"column":6},"end":{"line":34,"column":null}},"6":{"start":{"line":21,"column":8},"end":{"line":27,"column":null}},"7":{"start":{"line":22,"column":27},"end":{"line":22,"column":null}},"8":{"start":{"line":24,"column":8},"end":{"line":26,"column":null}},"9":{"start":{"line":29,"column":8},"end":{"line":33,"column":null}},"10":{"start":{"line":37,"column":4},"end":{"line":41,"column":null}},"11":{"start":{"line":37,"column":32},"end":{"line":41,"column":6}}},"fnMap":{"0":{"name":"chartCalculations","decl":{"start":{"line":8,"column":16},"end":{"line":8,"column":34}},"loc":{"start":{"line":11,"column":10},"end":{"line":43,"column":null}},"line":11},"1":{"name":"(anonymous_1)","decl":{"start":{"line":12,"column":9},"end":{"line":12,"column":23}},"loc":{"start":{"line":12,"column":23},"end":{"line":42,"column":5}},"line":12},"2":{"name":"(anonymous_2)","decl":{"start":{"line":13,"column":32},"end":{"line":13,"column":null}},"loc":{"start":{"line":14,"column":16},"end":{"line":14,"column":null}},"line":14},"3":{"name":"(anonymous_3)","decl":{"start":{"line":20,"column":21},"end":{"line":20,"column":26}},"loc":{"start":{"line":20,"column":42},"end":{"line":34,"column":7}},"line":20},"4":{"name":"(anonymous_4)","decl":{"start":{"line":37,"column":19},"end":{"line":37,"column":23}},"loc":{"start":{"line":37,"column":32},"end":{"line":41,"column":6}},"line":37}},"branchMap":{"0":{"loc":{"start":{"line":17,"column":4},"end":{"line":35,"column":null}},"type":"if","locations":[{"start":{"line":17,"column":4},"end":{"line":35,"column":null}},{"start":{},"end":{}}],"line":17},"1":{"loc":{"start":{"line":21,"column":8},"end":{"line":27,"column":null}},"type":"if","locations":[{"start":{"line":21,"column":8},"end":{"line":27,"column":null}},{"start":{},"end":{}}],"line":21},"2":{"loc":{"start":{"line":25,"column":11},"end":{"line":25,"column":null}},"type":"binary-expr","locations":[{"start":{"line":25,"column":11},"end":{"line":25,"column":70}},{"start":{"line":25,"column":70},"end":{"line":25,"column":null}}],"line":25},"3":{"loc":{"start":{"line":38,"column":24},"end":{"line":38,"column":42}},"type":"binary-expr","locations":[{"start":{"line":38,"column":24},"end":{"line":38,"column":41}},{"start":{"line":38,"column":41},"end":{"line":38,"column":42}}],"line":38}},"s":{"0":107,"1":107,"2":0,"3":107,"4":1,"5":1,"6":0,"7":0,"8":0,"9":0,"10":106,"11":0},"f":{"0":107,"1":107,"2":0,"3":0,"4":0},"b":{"0":[1,106],"1":[0,0],"2":[0,0],"3":[0,0]},"meta":{"lastBranch":4,"lastFunction":5,"lastStatement":12,"seen":{"f:8:16:8:34":0,"s:12:2:42:Infinity":0,"f:12:9:12:23":1,"s:13:20:15:Infinity":1,"f:13:32:13:Infinity":2,"s:14:16:14:Infinity":2,"b:17:4:35:Infinity:undefined:undefined:undefined:undefined":0,"s:17:4:35:Infinity":3,"s:18:22:18:Infinity":4,"s:20:6:34:Infinity":5,"f:20:21:20:26":3,"b:21:8:27:Infinity:undefined:undefined:undefined:undefined":1,"s:21:8:27:Infinity":6,"s:22:27:22:Infinity":7,"s:24:8:26:Infinity":8,"b:25:11:25:70:25:70:25:Infinity":2,"s:29:8:33:Infinity":9,"s:37:4:41:Infinity":10,"f:37:19:37:23":4,"s:37:32:41:6":11,"b:38:24:38:41:38:41:38:42":3}}}
,"/home/isaque/fga/7_semestre/pi1/2026.1_PI1_Grupo01_Bruno/src/frontend/src/components/Connection/Connection.tsx": {"path":"/home/isaque/fga/7_semestre/pi1/2026.1_PI1_Grupo01_Bruno/src/frontend/src/components/Connection/Connection.tsx","statementMap":{"0":{"start":{"line":9,"column":21},"end":{"line":13,"column":null}},"1":{"start":{"line":15,"column":21},"end":{"line":19,"column":null}},"2":{"start":{"line":22,"column":4},"end":{"line":31,"column":null}}},"fnMap":{"0":{"name":"Connection","decl":{"start":{"line":21,"column":16},"end":{"line":21,"column":27}},"loc":{"start":{"line":21,"column":76},"end":{"line":33,"column":null}},"line":21}},"branchMap":{"0":{"loc":{"start":{"line":21,"column":29},"end":{"line":21,"column":52}},"type":"default-arg","locations":[{"start":{"line":21,"column":36},"end":{"line":21,"column":52}}],"line":21},"1":{"loc":{"start":{"line":24,"column":57},"end":{"line":24,"column":null}},"type":"cond-expr","locations":[{"start":{"line":24,"column":77},"end":{"line":24,"column":96}},{"start":{"line":24,"column":96},"end":{"line":24,"column":null}}],"line":24}},"s":{"0":1,"1":1,"2":7},"f":{"0":7},"b":{"0":[7],"1":[2,5]},"meta":{"lastBranch":2,"lastFunction":1,"lastStatement":3,"seen":{"s:9:21:13:Infinity":0,"s:15:21:19:Infinity":1,"f:21:16:21:27":0,"b:21:36:21:52":0,"s:22:4:31:Infinity":2,"b:24:77:24:96:24:96:24:Infinity":1}}}
,"/home/isaque/fga/7_semestre/pi1/2026.1_PI1_Grupo01_Bruno/src/frontend/src/components/ControlBtn/ControlBtn.tsx": {"path":"/home/isaque/fga/7_semestre/pi1/2026.1_PI1_Grupo01_Bruno/src/frontend/src/components/ControlBtn/ControlBtn.tsx","statementMap":{"0":{"start":{"line":24,"column":18},"end":{"line":24,"column":null}},"1":{"start":{"line":25,"column":20},"end":{"line":25,"column":null}},"2":{"start":{"line":27,"column":10},"end":{"line":30,"column":null}},"3":{"start":{"line":28,"column":8},"end":{"line":28,"column":null}},"4":{"start":{"line":29,"column":8},"end":{"line":29,"column":null}},"5":{"start":{"line":32,"column":10},"end":{"line":32,"column":null}},"6":{"start":{"line":32,"column":47},"end":{"line":32,"column":null}},"7":{"start":{"line":34,"column":10},"end":{"line":38,"column":null}},"8":{"start":{"line":35,"column":8},"end":{"line":35,"column":null}},"9":{"start":{"line":35,"column":34},"end":{"line":35,"column":null}},"10":{"start":{"line":36,"column":8},"end":{"line":36,"column":null}},"11":{"start":{"line":36,"column":35},"end":{"line":36,"column":null}},"12":{"start":{"line":37,"column":8},"end":{"line":37,"column":null}},"13":{"start":{"line":40,"column":24},"end":{"line":51,"column":null}},"14":{"start":{"line":53,"column":19},"end":{"line":53,"column":null}},"15":{"start":{"line":55,"column":4},"end":{"line":127,"column":null}},"16":{"start":{"line":61,"column":35},"end":{"line":61,"column":null}},"17":{"start":{"line":77,"column":39},"end":{"line":77,"column":null}},"18":{"start":{"line":88,"column":39},"end":{"line":88,"column":null}},"19":{"start":{"line":94,"column":39},"end":{"line":94,"column":null}},"20":{"start":{"line":100,"column":39},"end":{"line":100,"column":null}},"21":{"start":{"line":111,"column":39},"end":{"line":111,"column":null}},"22":{"start":{"line":117,"column":39},"end":{"line":117,"column":null}},"23":{"start":{"line":123,"column":39},"end":{"line":123,"column":null}}},"fnMap":{"0":{"name":"ControlBtn","decl":{"start":{"line":17,"column":16},"end":{"line":17,"column":27}},"loc":{"start":{"line":23,"column":19},"end":{"line":130,"column":null}},"line":23},"1":{"name":"(anonymous_1)","decl":{"start":{"line":27,"column":10},"end":{"line":27,"column":20}},"loc":{"start":{"line":27,"column":63},"end":{"line":30,"column":null}},"line":27},"2":{"name":"(anonymous_2)","decl":{"start":{"line":32,"column":10},"end":{"line":32,"column":21}},"loc":{"start":{"line":32,"column":47},"end":{"line":32,"column":null}},"line":32},"3":{"name":"(anonymous_3)","decl":{"start":{"line":34,"column":10},"end":{"line":34,"column":32}},"loc":{"start":{"line":34,"column":32},"end":{"line":38,"column":null}},"line":34},"4":{"name":"(anonymous_4)","decl":{"start":{"line":35,"column":41},"end":{"line":35,"column":60}},"loc":{"start":{"line":35,"column":60},"end":{"line":35,"column":65}},"line":35},"5":{"name":"(anonymous_5)","decl":{"start":{"line":36,"column":42},"end":{"line":36,"column":62}},"loc":{"start":{"line":36,"column":62},"end":{"line":36,"column":67}},"line":36},"6":{"name":"(anonymous_6)","decl":{"start":{"line":61,"column":20},"end":{"line":61,"column":35}},"loc":{"start":{"line":61,"column":35},"end":{"line":61,"column":null}},"line":61},"7":{"name":"(anonymous_7)","decl":{"start":{"line":77,"column":24},"end":{"line":77,"column":39}},"loc":{"start":{"line":77,"column":39},"end":{"line":77,"column":null}},"line":77},"8":{"name":"(anonymous_8)","decl":{"start":{"line":77,"column":46},"end":{"line":77,"column":64}},"loc":{"start":{"line":77,"column":64},"end":{"line":77,"column":69}},"line":77},"9":{"name":"(anonymous_9)","decl":{"start":{"line":88,"column":24},"end":{"line":88,"column":39}},"loc":{"start":{"line":88,"column":39},"end":{"line":88,"column":null}},"line":88},"10":{"name":"(anonymous_10)","decl":{"start":{"line":88,"column":46},"end":{"line":88,"column":64}},"loc":{"start":{"line":88,"column":64},"end":{"line":88,"column":69}},"line":88},"11":{"name":"(anonymous_11)","decl":{"start":{"line":94,"column":24},"end":{"line":94,"column":39}},"loc":{"start":{"line":94,"column":39},"end":{"line":94,"column":null}},"line":94},"12":{"name":"(anonymous_12)","decl":{"start":{"line":100,"column":24},"end":{"line":100,"column":39}},"loc":{"start":{"line":100,"column":39},"end":{"line":100,"column":null}},"line":100},"13":{"name":"(anonymous_13)","decl":{"start":{"line":111,"column":24},"end":{"line":111,"column":39}},"loc":{"start":{"line":111,"column":39},"end":{"line":111,"column":null}},"line":111},"14":{"name":"(anonymous_14)","decl":{"start":{"line":111,"column":46},"end":{"line":111,"column":65}},"loc":{"start":{"line":111,"column":65},"end":{"line":111,"column":70}},"line":111},"15":{"name":"(anonymous_15)","decl":{"start":{"line":117,"column":24},"end":{"line":117,"column":39}},"loc":{"start":{"line":117,"column":39},"end":{"line":117,"column":null}},"line":117},"16":{"name":"(anonymous_16)","decl":{"start":{"line":123,"column":24},"end":{"line":123,"column":39}},"loc":{"start":{"line":123,"column":39},"end":{"line":123,"column":null}},"line":123}},"branchMap":{"0":{"loc":{"start":{"line":35,"column":8},"end":{"line":35,"column":null}},"type":"if","locations":[{"start":{"line":35,"column":8},"end":{"line":35,"column":null}},{"start":{},"end":{}}],"line":35},"1":{"loc":{"start":{"line":35,"column":41},"end":{"line":35,"column":65}},"type":"binary-expr","locations":[{"start":{"line":35,"column":41},"end":{"line":35,"column":60}},{"start":{"line":35,"column":41},"end":{"line":35,"column":65}}],"line":35},"2":{"loc":{"start":{"line":36,"column":8},"end":{"line":36,"column":null}},"type":"if","locations":[{"start":{"line":36,"column":8},"end":{"line":36,"column":null}},{"start":{},"end":{}}],"line":36},"3":{"loc":{"start":{"line":36,"column":42},"end":{"line":36,"column":67}},"type":"binary-expr","locations":[{"start":{"line":36,"column":42},"end":{"line":36,"column":62}},{"start":{"line":36,"column":42},"end":{"line":36,"column":67}}],"line":36},"4":{"loc":{"start":{"line":53,"column":19},"end":{"line":53,"column":null}},"type":"cond-expr","locations":[{"start":{"line":53,"column":29},"end":{"line":53,"column":52}},{"start":{"line":53,"column":52},"end":{"line":53,"column":null}}],"line":53},"5":{"loc":{"start":{"line":57,"column":13},"end":{"line":69,"column":null}},"type":"binary-expr","locations":[{"start":{"line":57,"column":13},"end":{"line":57,"column":null}},{"start":{"line":58,"column":16},"end":{"line":69,"column":null}}],"line":57},"6":{"loc":{"start":{"line":72,"column":13},"end":{"line":79,"column":null}},"type":"binary-expr","locations":[{"start":{"line":72,"column":13},"end":{"line":72,"column":null}},{"start":{"line":73,"column":16},"end":{"line":79,"column":null}}],"line":72},"7":{"loc":{"start":{"line":77,"column":46},"end":{"line":77,"column":69}},"type":"binary-expr","locations":[{"start":{"line":77,"column":46},"end":{"line":77,"column":64}},{"start":{"line":77,"column":46},"end":{"line":77,"column":69}}],"line":77},"8":{"loc":{"start":{"line":82,"column":13},"end":{"line":102,"column":null}},"type":"binary-expr","locations":[{"start":{"line":82,"column":13},"end":{"line":82,"column":null}},{"start":{"line":83,"column":16},"end":{"line":102,"column":null}}],"line":82},"9":{"loc":{"start":{"line":88,"column":46},"end":{"line":88,"column":69}},"type":"binary-expr","locations":[{"start":{"line":88,"column":46},"end":{"line":88,"column":64}},{"start":{"line":88,"column":46},"end":{"line":88,"column":69}}],"line":88},"10":{"loc":{"start":{"line":105,"column":13},"end":{"line":125,"column":null}},"type":"binary-expr","locations":[{"start":{"line":105,"column":13},"end":{"line":105,"column":null}},{"start":{"line":106,"column":16},"end":{"line":125,"column":null}}],"line":105},"11":{"loc":{"start":{"line":111,"column":46},"end":{"line":111,"column":70}},"type":"binary-expr","locations":[{"start":{"line":111,"column":46},"end":{"line":111,"column":65}},{"start":{"line":111,"column":46},"end":{"line":111,"column":70}}],"line":111}},"s":{"0":14,"1":14,"2":14,"3":6,"4":6,"5":14,"6":2,"7":14,"8":0,"9":0,"10":0,"11":0,"12":0,"13":14,"14":14,"15":14,"16":0,"17":5,"18":1,"19":1,"20":1,"21":0,"22":0,"23":0},"f":{"0":14,"1":6,"2":2,"3":0,"4":0,"5":0,"6":0,"7":5,"8":4,"9":1,"10":1,"11":1,"12":1,"13":0,"14":0,"15":0,"16":0},"b":{"0":[0,0],"1":[0,0],"2":[0,0],"3":[0,0],"4":[2,12],"5":[14,2],"6":[14,6],"7":[5,4],"8":[14,7],"9":[1,1],"10":[14,1],"11":[0,0]},"meta":{"lastBranch":12,"lastFunction":17,"lastStatement":24,"seen":{"f:17:16:17:27":0,"s:24:18:24:Infinity":0,"s:25:20:25:Infinity":1,"s:27:10:30:Infinity":2,"f:27:10:27:20":1,"s:28:8:28:Infinity":3,"s:29:8:29:Infinity":4,"s:32:10:32:Infinity":5,"f:32:10:32:21":2,"s:32:47:32:Infinity":6,"s:34:10:38:Infinity":7,"f:34:10:34:32":3,"b:35:8:35:Infinity:undefined:undefined:undefined:undefined":0,"s:35:8:35:Infinity":8,"s:35:34:35:Infinity":9,"b:35:41:35:60:35:41:35:65":1,"f:35:41:35:60":4,"b:36:8:36:Infinity:undefined:undefined:undefined:undefined":2,"s:36:8:36:Infinity":10,"s:36:35:36:Infinity":11,"b:36:42:36:62:36:42:36:67":3,"f:36:42:36:62":5,"s:37:8:37:Infinity":12,"s:40:24:51:Infinity":13,"s:53:19:53:Infinity":14,"b:53:29:53:52:53:52:53:Infinity":4,"s:55:4:127:Infinity":15,"b:57:13:57:Infinity:58:16:69:Infinity":5,"f:61:20:61:35":6,"s:61:35:61:Infinity":16,"b:72:13:72:Infinity:73:16:79:Infinity":6,"f:77:24:77:39":7,"s:77:39:77:Infinity":17,"b:77:46:77:64:77:46:77:69":7,"f:77:46:77:64":8,"b:82:13:82:Infinity:83:16:102:Infinity":8,"f:88:24:88:39":9,"s:88:39:88:Infinity":18,"b:88:46:88:64:88:46:88:69":9,"f:88:46:88:64":10,"f:94:24:94:39":11,"s:94:39:94:Infinity":19,"f:100:24:100:39":12,"s:100:39:100:Infinity":20,"b:105:13:105:Infinity:106:16:125:Infinity":10,"f:111:24:111:39":13,"s:111:39:111:Infinity":21,"b:111:46:111:65:111:46:111:70":11,"f:111:46:111:65":14,"f:117:24:117:39":15,"s:117:39:117:Infinity":22,"f:123:24:123:39":16,"s:123:39:123:Infinity":23}}}
,"/home/isaque/fga/7_semestre/pi1/2026.1_PI1_Grupo01_Bruno/src/frontend/src/components/Header/Header.tsx": {"path":"/home/isaque/fga/7_semestre/pi1/2026.1_PI1_Grupo01_Bruno/src/frontend/src/components/Header/Header.tsx","statementMap":{"0":{"start":{"line":15,"column":58},"end":{"line":21,"column":null}},"1":{"start":{"line":24,"column":22},"end":{"line":24,"column":null}},"2":{"start":{"line":26,"column":4},"end":{"line":57,"column":null}},"3":{"start":{"line":30,"column":31},"end":{"line":30,"column":null}},"4":{"start":{"line":38,"column":20},"end":{"line":44,"column":null}},"5":{"start":{"line":43,"column":39},"end":{"line":43,"column":null}}},"fnMap":{"0":{"name":"Header","decl":{"start":{"line":23,"column":16},"end":{"line":23,"column":23}},"loc":{"start":{"line":23,"column":110},"end":{"line":59,"column":null}},"line":23},"1":{"name":"(anonymous_1)","decl":{"start":{"line":30,"column":16},"end":{"line":30,"column":31}},"loc":{"start":{"line":30,"column":31},"end":{"line":30,"column":null}},"line":30},"2":{"name":"(anonymous_2)","decl":{"start":{"line":37,"column":22},"end":{"line":37,"column":27}},"loc":{"start":{"line":38,"column":20},"end":{"line":44,"column":null}},"line":38},"3":{"name":"(anonymous_3)","decl":{"start":{"line":43,"column":24},"end":{"line":43,"column":39}},"loc":{"start":{"line":43,"column":39},"end":{"line":43,"column":null}},"line":43}},"branchMap":{"0":{"loc":{"start":{"line":23,"column":25},"end":{"line":23,"column":52}},"type":"default-arg","locations":[{"start":{"line":23,"column":39},"end":{"line":23,"column":52}}],"line":23},"1":{"loc":{"start":{"line":23,"column":81},"end":{"line":23,"column":110}},"type":"default-arg","locations":[{"start":{"line":23,"column":89},"end":{"line":23,"column":110}}],"line":23},"2":{"loc":{"start":{"line":24,"column":22},"end":{"line":24,"column":null}},"type":"cond-expr","locations":[{"start":{"line":24,"column":41},"end":{"line":24,"column":56}},{"start":{"line":24,"column":56},"end":{"line":24,"column":null}}],"line":24}},"s":{"0":1,"1":6,"2":6,"3":0,"4":30,"5":1},"f":{"0":6,"1":0,"2":30,"3":1},"b":{"0":[6],"1":[6],"2":[6,0]},"meta":{"lastBranch":3,"lastFunction":4,"lastStatement":6,"seen":{"s:15:58:21:Infinity":0,"f:23:16:23:23":0,"b:23:39:23:52":0,"b:23:89:23:110":1,"s:24:22:24:Infinity":1,"b:24:41:24:56:24:56:24:Infinity":2,"s:26:4:57:Infinity":2,"f:30:16:30:31":1,"s:30:31:30:Infinity":3,"f:37:22:37:27":2,"s:38:20:44:Infinity":4,"f:43:24:43:39":3,"s:43:39:43:Infinity":5}}}
,"/home/isaque/fga/7_semestre/pi1/2026.1_PI1_Grupo01_Bruno/src/frontend/src/components/Icon/Icon.tsx": {"path":"/home/isaque/fga/7_semestre/pi1/2026.1_PI1_Grupo01_Bruno/src/frontend/src/components/Icon/Icon.tsx","statementMap":{"0":{"start":{"line":10,"column":4},"end":{"line":22,"column":null}}},"fnMap":{"0":{"name":"Icon","decl":{"start":{"line":9,"column":16},"end":{"line":9,"column":21}},"loc":{"start":{"line":9,"column":73},"end":{"line":24,"column":null}},"line":9}},"branchMap":{"0":{"loc":{"start":{"line":12,"column":31},"end":{"line":12,"column":47}},"type":"binary-expr","locations":[{"start":{"line":12,"column":31},"end":{"line":12,"column":44}},{"start":{"line":12,"column":44},"end":{"line":12,"column":47}}],"line":12},"1":{"loc":{"start":{"line":14,"column":26},"end":{"line":14,"column":null}},"type":"cond-expr","locations":[{"start":{"line":14,"column":33},"end":{"line":14,"column":62}},{"start":{"line":14,"column":62},"end":{"line":14,"column":null}}],"line":14},"2":{"loc":{"start":{"line":15,"column":39},"end":{"line":17,"column":null}},"type":"cond-expr","locations":[{"start":{"line":16,"column":22},"end":{"line":16,"column":null}},{"start":{"line":17,"column":22},"end":{"line":17,"column":null}}],"line":15},"3":{"loc":{"start":{"line":18,"column":23},"end":{"line":18,"column":null}},"type":"cond-expr","locations":[{"start":{"line":18,"column":31},"end":{"line":18,"column":51}},{"start":{"line":18,"column":51},"end":{"line":18,"column":null}}],"line":18}},"s":{"0":50},"f":{"0":50},"b":{"0":[50,50],"1":[44,6],"2":[0,50],"3":[0,50]},"meta":{"lastBranch":4,"lastFunction":1,"lastStatement":1,"seen":{"f:9:16:9:21":0,"s:10:4:22:Infinity":0,"b:12:31:12:44:12:44:12:47":0,"b:14:33:14:62:14:62:14:Infinity":1,"b:16:22:16:Infinity:17:22:17:Infinity":2,"b:18:31:18:51:18:51:18:Infinity":3}}}
,"/home/isaque/fga/7_semestre/pi1/2026.1_PI1_Grupo01_Bruno/src/frontend/src/components/Log/Log.tsx": {"path":"/home/isaque/fga/7_semestre/pi1/2026.1_PI1_Grupo01_Bruno/src/frontend/src/components/Log/Log.tsx","statementMap":{"0":{"start":{"line":8,"column":4},"end":{"line":18,"column":null}},"1":{"start":{"line":15,"column":20},"end":{"line":15,"column":null}}},"fnMap":{"0":{"name":"Log","decl":{"start":{"line":7,"column":16},"end":{"line":7,"column":20}},"loc":{"start":{"line":7,"column":47},"end":{"line":20,"column":null}},"line":7},"1":{"name":"(anonymous_1)","decl":{"start":{"line":14,"column":40},"end":{"line":14,"column":45}},"loc":{"start":{"line":15,"column":20},"end":{"line":15,"column":null}},"line":15}},"branchMap":{"0":{"loc":{"start":{"line":7,"column":22},"end":{"line":7,"column":47}},"type":"default-arg","locations":[{"start":{"line":7,"column":32},"end":{"line":7,"column":47}}],"line":7}},"s":{"0":1,"1":0},"f":{"0":1,"1":0},"b":{"0":[1]},"meta":{"lastBranch":1,"lastFunction":2,"lastStatement":2,"seen":{"f:7:16:7:20":0,"b:7:32:7:47":0,"s:8:4:18:Infinity":0,"f:14:40:14:45":1,"s:15:20:15:Infinity":1}}}
,"/home/isaque/fga/7_semestre/pi1/2026.1_PI1_Grupo01_Bruno/src/frontend/src/components/Maze/Maze.tsx": {"path":"/home/isaque/fga/7_semestre/pi1/2026.1_PI1_Grupo01_Bruno/src/frontend/src/components/Maze/Maze.tsx","statementMap":{"0":{"start":{"line":17,"column":21},"end":{"line":17,"column":null}},"1":{"start":{"line":18,"column":16},"end":{"line":18,"column":null}},"2":{"start":{"line":19,"column":16},"end":{"line":19,"column":null}},"3":{"start":{"line":20,"column":4},"end":{"line":20,"column":null}},"4":{"start":{"line":24,"column":21},"end":{"line":24,"column":null}},"5":{"start":{"line":25,"column":23},"end":{"line":25,"column":null}},"6":{"start":{"line":27,"column":10},"end":{"line":64,"column":null}},"7":{"start":{"line":28,"column":21},"end":{"line":33,"column":null}},"8":{"start":{"line":29,"column":24},"end":{"line":29,"column":null}},"9":{"start":{"line":30,"column":24},"end":{"line":30,"column":null}},"10":{"start":{"line":31,"column":30},"end":{"line":31,"column":null}},"11":{"start":{"line":32,"column":12},"end":{"line":32,"column":null}},"12":{"start":{"line":35,"column":8},"end":{"line":51,"column":null}},"13":{"start":{"line":36,"column":30},"end":{"line":36,"column":null}},"14":{"start":{"line":37,"column":12},"end":{"line":37,"column":null}},"15":{"start":{"line":38,"column":12},"end":{"line":38,"column":null}},"16":{"start":{"line":39,"column":12},"end":{"line":39,"column":null}},"17":{"start":{"line":40,"column":12},"end":{"line":40,"column":null}},"18":{"start":{"line":41,"column":12},"end":{"line":41,"column":null}},"19":{"start":{"line":42,"column":12},"end":{"line":42,"column":null}},"20":{"start":{"line":43,"column":12},"end":{"line":43,"column":null}},"21":{"start":{"line":44,"column":12},"end":{"line":44,"column":null}},"22":{"start":{"line":45,"column":12},"end":{"line":45,"column":null}},"23":{"start":{"line":46,"column":12},"end":{"line":46,"column":null}},"24":{"start":{"line":47,"column":12},"end":{"line":47,"column":null}},"25":{"start":{"line":48,"column":12},"end":{"line":48,"column":null}},"26":{"start":{"line":49,"column":12},"end":{"line":49,"column":null}},"27":{"start":{"line":50,"column":12},"end":{"line":50,"column":null}},"28":{"start":{"line":53,"column":8},"end":{"line":62,"column":null}},"29":{"start":{"line":53,"column":21},"end":{"line":53,"column":24}},"30":{"start":{"line":54,"column":12},"end":{"line":61,"column":null}},"31":{"start":{"line":54,"column":25},"end":{"line":54,"column":28}},"32":{"start":{"line":55,"column":34},"end":{"line":55,"column":null}},"33":{"start":{"line":56,"column":32},"end":{"line":56,"column":null}},"34":{"start":{"line":57,"column":35},"end":{"line":57,"column":null}},"35":{"start":{"line":58,"column":33},"end":{"line":58,"column":null}},"36":{"start":{"line":59,"column":34},"end":{"line":59,"column":null}},"37":{"start":{"line":60,"column":16},"end":{"line":60,"column":null}},"38":{"start":{"line":63,"column":8},"end":{"line":63,"column":null}},"39":{"start":{"line":66,"column":10},"end":{"line":74,"column":null}},"40":{"start":{"line":67,"column":24},"end":{"line":67,"column":null}},"41":{"start":{"line":68,"column":20},"end":{"line":68,"column":null}},"42":{"start":{"line":69,"column":20},"end":{"line":69,"column":null}},"43":{"start":{"line":70,"column":8},"end":{"line":73,"column":null}},"44":{"start":{"line":76,"column":21},"end":{"line":76,"column":null}},"45":{"start":{"line":77,"column":22},"end":{"line":77,"column":null}},"46":{"start":{"line":78,"column":25},"end":{"line":78,"column":null}},"47":{"start":{"line":80,"column":4},"end":{"line":110,"column":null}},"48":{"start":{"line":80,"column":17},"end":{"line":80,"column":20}},"49":{"start":{"line":81,"column":19},"end":{"line":81,"column":null}},"50":{"start":{"line":82,"column":19},"end":{"line":82,"column":null}},"51":{"start":{"line":83,"column":23},"end":{"line":83,"column":null}},"52":{"start":{"line":85,"column":26},"end":{"line":85,"column":null}},"53":{"start":{"line":86,"column":8},"end":{"line":86,"column":null}},"54":{"start":{"line":88,"column":33},"end":{"line":88,"column":null}},"55":{"start":{"line":89,"column":33},"end":{"line":89,"column":null}},"56":{"start":{"line":91,"column":22},"end":{"line":91,"column":null}},"57":{"start":{"line":94,"column":8},"end":{"line":99,"column":null}},"58":{"start":{"line":102,"column":8},"end":{"line":104,"column":null}},"59":{"start":{"line":107,"column":8},"end":{"line":109,"column":null}},"60":{"start":{"line":108,"column":12},"end":{"line":108,"column":null}},"61":{"start":{"line":112,"column":23},"end":{"line":112,"column":null}},"62":{"start":{"line":114,"column":4},"end":{"line":135,"column":null}},"63":{"start":{"line":124,"column":20},"end":{"line":124,"column":null}}},"fnMap":{"0":{"name":"navToGrid","decl":{"start":{"line":16,"column":9},"end":{"line":16,"column":19}},"loc":{"start":{"line":16,"column":50},"end":{"line":21,"column":null}},"line":16},"1":{"name":"Maze","decl":{"start":{"line":23,"column":16},"end":{"line":23,"column":21}},"loc":{"start":{"line":23,"column":70},"end":{"line":137,"column":null}},"line":23},"2":{"name":"(anonymous_2)","decl":{"start":{"line":27,"column":18},"end":{"line":27,"column":32}},"loc":{"start":{"line":27,"column":32},"end":{"line":64,"column":7}},"line":27},"3":{"name":"(anonymous_3)","decl":{"start":{"line":28,"column":53},"end":{"line":28,"column":57}},"loc":{"start":{"line":28,"column":66},"end":{"line":33,"column":9}},"line":28},"4":{"name":"(anonymous_4)","decl":{"start":{"line":66,"column":10},"end":{"line":66,"column":27}},"loc":{"start":{"line":66,"column":48},"end":{"line":74,"column":null}},"line":66},"5":{"name":"(anonymous_5)","decl":{"start":{"line":123,"column":23},"end":{"line":123,"column":28}},"loc":{"start":{"line":124,"column":20},"end":{"line":124,"column":null}},"line":124}},"branchMap":{"0":{"loc":{"start":{"line":23,"column":23},"end":{"line":23,"column":33}},"type":"default-arg","locations":[{"start":{"line":23,"column":30},"end":{"line":23,"column":33}}],"line":23},"1":{"loc":{"start":{"line":23,"column":33},"end":{"line":23,"column":47}},"type":"default-arg","locations":[{"start":{"line":23,"column":43},"end":{"line":23,"column":47}}],"line":23},"2":{"loc":{"start":{"line":23,"column":47},"end":{"line":23,"column":70}},"type":"default-arg","locations":[{"start":{"line":23,"column":54},"end":{"line":23,"column":70}}],"line":23},"3":{"loc":{"start":{"line":31,"column":30},"end":{"line":31,"column":null}},"type":"binary-expr","locations":[{"start":{"line":31,"column":30},"end":{"line":31,"column":47}},{"start":{"line":31,"column":47},"end":{"line":31,"column":null}}],"line":31},"4":{"loc":{"start":{"line":56,"column":32},"end":{"line":56,"column":null}},"type":"cond-expr","locations":[{"start":{"line":56,"column":40},"end":{"line":56,"column":74}},{"start":{"line":56,"column":74},"end":{"line":56,"column":null}}],"line":56},"5":{"loc":{"start":{"line":57,"column":35},"end":{"line":57,"column":null}},"type":"cond-expr","locations":[{"start":{"line":57,"column":54},"end":{"line":57,"column":88}},{"start":{"line":57,"column":88},"end":{"line":57,"column":null}}],"line":57},"6":{"loc":{"start":{"line":58,"column":33},"end":{"line":58,"column":null}},"type":"cond-expr","locations":[{"start":{"line":58,"column":41},"end":{"line":58,"column":68}},{"start":{"line":58,"column":68},"end":{"line":58,"column":null}}],"line":58},"7":{"loc":{"start":{"line":59,"column":34},"end":{"line":59,"column":null}},"type":"cond-expr","locations":[{"start":{"line":59,"column":53},"end":{"line":59,"column":80}},{"start":{"line":59,"column":80},"end":{"line":59,"column":null}}],"line":59},"8":{"loc":{"start":{"line":60,"column":39},"end":{"line":60,"column":null}},"type":"binary-expr","locations":[{"start":{"line":60,"column":39},"end":{"line":60,"column":50}},{"start":{"line":60,"column":50},"end":{"line":60,"column":64}},{"start":{"line":60,"column":64},"end":{"line":60,"column":76}},{"start":{"line":60,"column":76},"end":{"line":60,"column":null}}],"line":60},"9":{"loc":{"start":{"line":91,"column":22},"end":{"line":91,"column":null}},"type":"cond-expr","locations":[{"start":{"line":91,"column":34},"end":{"line":91,"column":60}},{"start":{"line":91,"column":60},"end":{"line":91,"column":null}}],"line":91},"10":{"loc":{"start":{"line":107,"column":8},"end":{"line":109,"column":null}},"type":"if","locations":[{"start":{"line":107,"column":8},"end":{"line":109,"column":null}},{"start":{},"end":{}}],"line":107},"11":{"loc":{"start":{"line":112,"column":23},"end":{"line":112,"column":null}},"type":"cond-expr","locations":[{"start":{"line":112,"column":41},"end":{"line":112,"column":65}},{"start":{"line":112,"column":65},"end":{"line":112,"column":null}}],"line":112},"12":{"loc":{"start":{"line":131,"column":17},"end":{"line":132,"column":null}},"type":"binary-expr","locations":[{"start":{"line":131,"column":17},"end":{"line":131,"column":null}},{"start":{"line":132,"column":20},"end":{"line":132,"column":null}}],"line":131}},"s":{"0":13,"1":13,"2":13,"3":13,"4":14,"5":14,"6":14,"7":14,"8":3566,"9":3566,"10":3566,"11":3566,"12":14,"13":1,"14":1,"15":1,"16":1,"17":1,"18":1,"19":1,"20":1,"21":1,"22":1,"23":1,"24":1,"25":1,"26":1,"27":1,"28":14,"29":14,"30":102,"31":102,"32":990,"33":990,"34":990,"35":990,"36":990,"37":990,"38":14,"39":14,"40":12,"41":12,"42":12,"43":12,"44":14,"45":14,"46":14,"47":14,"48":14,"49":4,"50":4,"51":4,"52":4,"53":4,"54":4,"55":4,"56":4,"57":4,"58":4,"59":4,"60":2,"61":14,"62":14,"63":3566},"f":{"0":13,"1":14,"2":14,"3":3566,"4":12,"5":3566},"b":{"0":[14],"1":[14],"2":[14],"3":[3566,1688],"4":[888,102],"5":[888,102],"6":[888,102],"7":[888,102],"8":[990,103,1,0],"9":[0,4],"10":[2,2],"11":[2,12],"12":[14,2]},"meta":{"lastBranch":13,"lastFunction":6,"lastStatement":64,"seen":{"f:16:9:16:19":0,"s:17:21:17:Infinity":0,"s:18:16:18:Infinity":1,"s:19:16:19:Infinity":2,"s:20:4:20:Infinity":3,"f:23:16:23:21":1,"b:23:30:23:33":0,"b:23:43:23:47":1,"b:23:54:23:70":2,"s:24:21:24:Infinity":4,"s:25:23:25:Infinity":5,"s:27:10:64:Infinity":6,"f:27:18:27:32":2,"s:28:21:33:Infinity":7,"f:28:53:28:57":3,"s:29:24:29:Infinity":8,"s:30:24:30:Infinity":9,"s:31:30:31:Infinity":10,"b:31:30:31:47:31:47:31:Infinity":3,"s:32:12:32:Infinity":11,"s:35:8:51:Infinity":12,"s:36:30:36:Infinity":13,"s:37:12:37:Infinity":14,"s:38:12:38:Infinity":15,"s:39:12:39:Infinity":16,"s:40:12:40:Infinity":17,"s:41:12:41:Infinity":18,"s:42:12:42:Infinity":19,"s:43:12:43:Infinity":20,"s:44:12:44:Infinity":21,"s:45:12:45:Infinity":22,"s:46:12:46:Infinity":23,"s:47:12:47:Infinity":24,"s:48:12:48:Infinity":25,"s:49:12:49:Infinity":26,"s:50:12:50:Infinity":27,"s:53:8:62:Infinity":28,"s:53:21:53:24":29,"s:54:12:61:Infinity":30,"s:54:25:54:28":31,"s:55:34:55:Infinity":32,"s:56:32:56:Infinity":33,"b:56:40:56:74:56:74:56:Infinity":4,"s:57:35:57:Infinity":34,"b:57:54:57:88:57:88:57:Infinity":5,"s:58:33:58:Infinity":35,"b:58:41:58:68:58:68:58:Infinity":6,"s:59:34:59:Infinity":36,"b:59:53:59:80:59:80:59:Infinity":7,"s:60:16:60:Infinity":37,"b:60:39:60:50:60:50:60:64:60:64:60:76:60:76:60:Infinity":8,"s:63:8:63:Infinity":38,"s:66:10:74:Infinity":39,"f:66:10:66:27":4,"s:67:24:67:Infinity":40,"s:68:20:68:Infinity":41,"s:69:20:69:Infinity":42,"s:70:8:73:Infinity":43,"s:76:21:76:Infinity":44,"s:77:22:77:Infinity":45,"s:78:25:78:Infinity":46,"s:80:4:110:Infinity":47,"s:80:17:80:20":48,"s:81:19:81:Infinity":49,"s:82:19:82:Infinity":50,"s:83:23:83:Infinity":51,"s:85:26:85:Infinity":52,"s:86:8:86:Infinity":53,"s:88:33:88:Infinity":54,"s:89:33:89:Infinity":55,"s:91:22:91:Infinity":56,"b:91:34:91:60:91:60:91:Infinity":9,"s:94:8:99:Infinity":57,"s:102:8:104:Infinity":58,"b:107:8:109:Infinity:undefined:undefined:undefined:undefined":10,"s:107:8:109:Infinity":59,"s:108:12:108:Infinity":60,"s:112:23:112:Infinity":61,"b:112:41:112:65:112:65:112:Infinity":11,"s:114:4:135:Infinity":62,"f:123:23:123:28":5,"s:124:20:124:Infinity":63,"b:131:17:131:Infinity:132:20:132:Infinity":12}}}
,"/home/isaque/fga/7_semestre/pi1/2026.1_PI1_Grupo01_Bruno/src/frontend/src/components/Modal/Modal.tsx": {"path":"/home/isaque/fga/7_semestre/pi1/2026.1_PI1_Grupo01_Bruno/src/frontend/src/components/Modal/Modal.tsx","statementMap":{"0":{"start":{"line":27,"column":10},"end":{"line":27,"column":null}},"1":{"start":{"line":29,"column":4},"end":{"line":32,"column":null}},"2":{"start":{"line":30,"column":8},"end":{"line":31,"column":null}},"3":{"start":{"line":30,"column":18},"end":{"line":30,"column":null}},"4":{"start":{"line":31,"column":13},"end":{"line":31,"column":null}},"5":{"start":{"line":34,"column":10},"end":{"line":36,"column":null}},"6":{"start":{"line":35,"column":8},"end":{"line":35,"column":null}},"7":{"start":{"line":35,"column":38},"end":{"line":35,"column":null}},"8":{"start":{"line":38,"column":4},"end":{"line":55,"column":null}}},"fnMap":{"0":{"name":"Modal","decl":{"start":{"line":21,"column":16},"end":{"line":21,"column":22}},"loc":{"start":{"line":26,"column":14},"end":{"line":57,"column":null}},"line":26},"1":{"name":"(anonymous_1)","decl":{"start":{"line":29,"column":4},"end":{"line":29,"column":20}},"loc":{"start":{"line":29,"column":20},"end":{"line":32,"column":7}},"line":29},"2":{"name":"(anonymous_2)","decl":{"start":{"line":34,"column":10},"end":{"line":34,"column":28}},"loc":{"start":{"line":34,"column":71},"end":{"line":36,"column":null}},"line":34}},"branchMap":{"0":{"loc":{"start":{"line":23,"column":4},"end":{"line":23,"column":null}},"type":"default-arg","locations":[{"start":{"line":23,"column":15},"end":{"line":23,"column":null}}],"line":23},"1":{"loc":{"start":{"line":30,"column":8},"end":{"line":31,"column":null}},"type":"if","locations":[{"start":{"line":30,"column":8},"end":{"line":31,"column":null}},{"start":{"line":31,"column":13},"end":{"line":31,"column":null}}],"line":30},"2":{"loc":{"start":{"line":35,"column":8},"end":{"line":35,"column":null}},"type":"if","locations":[{"start":{"line":35,"column":8},"end":{"line":35,"column":null}},{"start":{},"end":{}}],"line":35},"3":{"loc":{"start":{"line":42,"column":17},"end":{"line":43,"column":null}},"type":"binary-expr","locations":[{"start":{"line":42,"column":17},"end":{"line":42,"column":29}},{"start":{"line":42,"column":29},"end":{"line":43,"column":null}}],"line":42},"4":{"loc":{"start":{"line":49,"column":14},"end":{"line":53,"column":null}},"type":"binary-expr","locations":[{"start":{"line":49,"column":14},"end":{"line":49,"column":28}},{"start":{"line":49,"column":28},"end":{"line":49,"column":null}},{"start":{"line":50,"column":16},"end":{"line":53,"column":null}}],"line":49},"5":{"loc":{"start":{"line":51,"column":21},"end":{"line":52,"column":35}},"type":"binary-expr","locations":[{"start":{"line":51,"column":21},"end":{"line":51,"column":37}},{"start":{"line":51,"column":37},"end":{"line":52,"column":35}}],"line":51},"6":{"loc":{"start":{"line":51,"column":76},"end":{"line":51,"column":123}},"type":"cond-expr","locations":[{"start":{"line":51,"column":92},"end":{"line":51,"column":118}},{"start":{"line":51,"column":118},"end":{"line":51,"column":123}}],"line":51},"7":{"loc":{"start":{"line":52,"column":21},"end":{"line":53,"column":null}},"type":"binary-expr","locations":[{"start":{"line":52,"column":21},"end":{"line":52,"column":35}},{"start":{"line":52,"column":35},"end":{"line":53,"column":null}}],"line":52},"8":{"loc":{"start":{"line":52,"column":72},"end":{"line":52,"column":115}},"type":"cond-expr","locations":[{"start":{"line":52,"column":86},"end":{"line":52,"column":110}},{"start":{"line":52,"column":110},"end":{"line":52,"column":115}}],"line":52}},"s":{"0":10,"1":10,"2":10,"3":9,"4":1,"5":10,"6":1,"7":0,"8":10},"f":{"0":10,"1":10,"2":1},"b":{"0":[10],"1":[9,1],"2":[0,1],"3":[10,10],"4":[10,7,4],"5":[4,3],"6":[0,3],"7":[4,3],"8":[0,3]},"meta":{"lastBranch":9,"lastFunction":3,"lastStatement":9,"seen":{"f:21:16:21:22":0,"b:23:15:23:Infinity":0,"s:27:10:27:Infinity":0,"s:29:4:32:Infinity":1,"f:29:4:29:20":1,"b:30:8:31:Infinity:31:13:31:Infinity":1,"s:30:8:31:Infinity":2,"s:30:18:30:Infinity":3,"s:31:13:31:Infinity":4,"s:34:10:36:Infinity":5,"f:34:10:34:28":2,"b:35:8:35:Infinity:undefined:undefined:undefined:undefined":2,"s:35:8:35:Infinity":6,"s:35:38:35:Infinity":7,"s:38:4:55:Infinity":8,"b:42:17:42:29:42:29:43:Infinity":3,"b:49:14:49:28:49:28:49:Infinity:50:16:53:Infinity":4,"b:51:21:51:37:51:37:52:35":5,"b:51:92:51:118:51:118:51:123":6,"b:52:21:52:35:52:35:53:Infinity":7,"b:52:86:52:110:52:110:52:115":8}}}
,"/home/isaque/fga/7_semestre/pi1/2026.1_PI1_Grupo01_Bruno/src/frontend/src/components/Tab/Tab.tsx": {"path":"/home/isaque/fga/7_semestre/pi1/2026.1_PI1_Grupo01_Bruno/src/frontend/src/components/Tab/Tab.tsx","statementMap":{"0":{"start":{"line":13,"column":4},"end":{"line":23,"column":null}}},"fnMap":{"0":{"name":"Tab","decl":{"start":{"line":12,"column":16},"end":{"line":12,"column":20}},"loc":{"start":{"line":12,"column":89},"end":{"line":25,"column":null}},"line":12}},"branchMap":{"0":{"loc":{"start":{"line":12,"column":34},"end":{"line":12,"column":52}},"type":"default-arg","locations":[{"start":{"line":12,"column":45},"end":{"line":12,"column":52}}],"line":12},"1":{"loc":{"start":{"line":12,"column":61},"end":{"line":12,"column":89}},"type":"default-arg","locations":[{"start":{"line":12,"column":72},"end":{"line":12,"column":89}}],"line":12},"2":{"loc":{"start":{"line":15,"column":40},"end":{"line":15,"column":null}},"type":"cond-expr","locations":[{"start":{"line":15,"column":51},"end":{"line":15,"column":67}},{"start":{"line":15,"column":67},"end":{"line":15,"column":null}}],"line":15},"3":{"loc":{"start":{"line":18,"column":12},"end":{"line":20,"column":32}},"type":"binary-expr","locations":[{"start":{"line":19,"column":18},"end":{"line":19,"column":30}},{"start":{"line":19,"column":30},"end":{"line":19,"column":43}},{"start":{"line":19,"column":43},"end":{"line":20,"column":32}}],"line":18},"4":{"loc":{"start":{"line":19,"column":67},"end":{"line":19,"column":94}},"type":"cond-expr","locations":[{"start":{"line":19,"column":78},"end":{"line":19,"column":85}},{"start":{"line":19,"column":85},"end":{"line":19,"column":94}}],"line":19},"5":{"loc":{"start":{"line":20,"column":20},"end":{"line":21,"column":null}},"type":"binary-expr","locations":[{"start":{"line":20,"column":20},"end":{"line":20,"column":32}},{"start":{"line":20,"column":32},"end":{"line":20,"column":46}},{"start":{"line":20,"column":46},"end":{"line":20,"column":61}},{"start":{"line":20,"column":61},"end":{"line":21,"column":null}}],"line":20},"6":{"loc":{"start":{"line":22,"column":14},"end":{"line":23,"column":null}},"type":"binary-expr","locations":[{"start":{"line":22,"column":14},"end":{"line":22,"column":27}},{"start":{"line":22,"column":27},"end":{"line":23,"column":null}}],"line":22},"7":{"loc":{"start":{"line":22,"column":70},"end":{"line":22,"column":104}},"type":"cond-expr","locations":[{"start":{"line":22,"column":81},"end":{"line":22,"column":97}},{"start":{"line":22,"column":97},"end":{"line":22,"column":104}}],"line":22}},"s":{"0":6},"f":{"0":6},"b":{"0":[6],"1":[6],"2":[2,4],"3":[6,4,4],"4":[3,1],"5":[6,3,5,4],"6":[6,3],"7":[1,2]},"meta":{"lastBranch":8,"lastFunction":1,"lastStatement":1,"seen":{"f:12:16:12:20":0,"b:12:45:12:52":0,"b:12:72:12:89":1,"s:13:4:23:Infinity":0,"b:15:51:15:67:15:67:15:Infinity":2,"b:19:18:19:30:19:30:19:43:19:43:20:32":3,"b:19:78:19:85:19:85:19:94":4,"b:20:20:20:32:20:32:20:46:20:46:20:61:20:61:21:Infinity":5,"b:22:14:22:27:22:27:23:Infinity":6,"b:22:81:22:97:22:97:22:104":7}}}
,"/home/isaque/fga/7_semestre/pi1/2026.1_PI1_Grupo01_Bruno/src/frontend/src/components/Table/Table.tsx": {"path":"/home/isaque/fga/7_semestre/pi1/2026.1_PI1_Grupo01_Bruno/src/frontend/src/components/Table/Table.tsx","statementMap":{"0":{"start":{"line":25,"column":15},"end":{"line":25,"column":null}},"1":{"start":{"line":26,"column":19},"end":{"line":26,"column":null}},"2":{"start":{"line":28,"column":21},"end":{"line":28,"column":null}},"3":{"start":{"line":29,"column":20},"end":{"line":29,"column":null}},"4":{"start":{"line":31,"column":8},"end":{"line":37,"column":null}},"5":{"start":{"line":33,"column":4},"end":{"line":35,"column":null}},"6":{"start":{"line":34,"column":8},"end":{"line":34,"column":null}},"7":{"start":{"line":36,"column":4},"end":{"line":36,"column":null}},"8":{"start":{"line":39,"column":2},"end":{"line":110,"column":null}},"9":{"start":{"line":45,"column":14},"end":{"line":48,"column":null}},"10":{"start":{"line":55,"column":12},"end":{"line":72,"column":null}},"11":{"start":{"line":57,"column":16},"end":{"line":59,"column":null}},"12":{"start":{"line":68,"column":35},"end":{"line":68,"column":null}},"13":{"start":{"line":83,"column":27},"end":{"line":83,"column":null}},"14":{"start":{"line":83,"column":40},"end":{"line":83,"column":58}},"15":{"start":{"line":90,"column":27},"end":{"line":90,"column":null}},"16":{"start":{"line":90,"column":40},"end":{"line":90,"column":67}},"17":{"start":{"line":98,"column":29},"end":{"line":98,"column":null}}},"fnMap":{"0":{"name":"Table","decl":{"start":{"line":24,"column":16},"end":{"line":24,"column":57}},"loc":{"start":{"line":24,"column":132},"end":{"line":112,"column":null}},"line":24},"1":{"name":"(anonymous_1)","decl":{"start":{"line":31,"column":8},"end":{"line":31,"column":29}},"loc":{"start":{"line":31,"column":29},"end":{"line":37,"column":null}},"line":31},"2":{"name":"(anonymous_2)","decl":{"start":{"line":44,"column":21},"end":{"line":44,"column":25}},"loc":{"start":{"line":45,"column":14},"end":{"line":48,"column":null}},"line":45},"3":{"name":"(anonymous_3)","decl":{"start":{"line":54,"column":21},"end":{"line":54,"column":25}},"loc":{"start":{"line":55,"column":12},"end":{"line":72,"column":null}},"line":55},"4":{"name":"(anonymous_4)","decl":{"start":{"line":56,"column":23},"end":{"line":56,"column":27}},"loc":{"start":{"line":57,"column":16},"end":{"line":59,"column":null}},"line":57},"5":{"name":"(anonymous_5)","decl":{"start":{"line":68,"column":20},"end":{"line":68,"column":35}},"loc":{"start":{"line":68,"column":35},"end":{"line":68,"column":null}},"line":68},"6":{"name":"(anonymous_6)","decl":{"start":{"line":83,"column":12},"end":{"line":83,"column":27}},"loc":{"start":{"line":83,"column":27},"end":{"line":83,"column":null}},"line":83},"7":{"name":"(anonymous_7)","decl":{"start":{"line":83,"column":27},"end":{"line":83,"column":35}},"loc":{"start":{"line":83,"column":40},"end":{"line":83,"column":58}},"line":83},"8":{"name":"(anonymous_8)","decl":{"start":{"line":90,"column":12},"end":{"line":90,"column":27}},"loc":{"start":{"line":90,"column":27},"end":{"line":90,"column":null}},"line":90},"9":{"name":"(anonymous_9)","decl":{"start":{"line":90,"column":27},"end":{"line":90,"column":35}},"loc":{"start":{"line":90,"column":40},"end":{"line":90,"column":67}},"line":90},"10":{"name":"(anonymous_10)","decl":{"start":{"line":98,"column":14},"end":{"line":98,"column":29}},"loc":{"start":{"line":98,"column":29},"end":{"line":98,"column":null}},"line":98}},"branchMap":{"0":{"loc":{"start":{"line":24,"column":74},"end":{"line":24,"column":89}},"type":"default-arg","locations":[{"start":{"line":24,"column":85},"end":{"line":24,"column":89}}],"line":24},"1":{"loc":{"start":{"line":24,"column":89},"end":{"line":24,"column":105}},"type":"default-arg","locations":[{"start":{"line":24,"column":99},"end":{"line":24,"column":105}}],"line":24},"2":{"loc":{"start":{"line":33,"column":4},"end":{"line":35,"column":null}},"type":"if","locations":[{"start":{"line":33,"column":4},"end":{"line":35,"column":null}},{"start":{},"end":{}}],"line":33},"3":{"loc":{"start":{"line":33,"column":8},"end":{"line":33,"column":39}},"type":"binary-expr","locations":[{"start":{"line":33,"column":8},"end":{"line":33,"column":20}},{"start":{"line":33,"column":20},"end":{"line":33,"column":39}}],"line":33},"4":{"loc":{"start":{"line":46,"column":17},"end":{"line":47,"column":17}},"type":"binary-expr","locations":[{"start":{"line":46,"column":17},"end":{"line":46,"column":29}},{"start":{"line":46,"column":29},"end":{"line":47,"column":17}}],"line":46},"5":{"loc":{"start":{"line":50,"column":13},"end":{"line":51,"column":null}},"type":"binary-expr","locations":[{"start":{"line":50,"column":13},"end":{"line":50,"column":24}},{"start":{"line":50,"column":24},"end":{"line":51,"column":null}}],"line":50},"6":{"loc":{"start":{"line":58,"column":19},"end":{"line":58,"column":null}},"type":"cond-expr","locations":[{"start":{"line":58,"column":32},"end":{"line":58,"column":64}},{"start":{"line":58,"column":64},"end":{"line":58,"column":null}}],"line":58},"7":{"loc":{"start":{"line":61,"column":15},"end":{"line":72,"column":null}},"type":"binary-expr","locations":[{"start":{"line":61,"column":15},"end":{"line":61,"column":null}},{"start":{"line":62,"column":16},"end":{"line":72,"column":null}}],"line":61},"8":{"loc":{"start":{"line":77,"column":7},"end":{"line":92,"column":null}},"type":"binary-expr","locations":[{"start":{"line":77,"column":7},"end":{"line":77,"column":null}},{"start":{"line":78,"column":8},"end":{"line":92,"column":null}}],"line":77},"9":{"loc":{"start":{"line":95,"column":7},"end":{"line":108,"column":null}},"type":"binary-expr","locations":[{"start":{"line":95,"column":7},"end":{"line":95,"column":null}},{"start":{"line":96,"column":10},"end":{"line":108,"column":null}}],"line":95}},"s":{"0":3,"1":3,"2":3,"3":3,"4":3,"5":0,"6":0,"7":0,"8":3,"9":6,"10":6,"11":12,"12":0,"13":0,"14":0,"15":0,"16":0,"17":0},"f":{"0":3,"1":0,"2":6,"3":6,"4":12,"5":0,"6":0,"7":0,"8":0,"9":0,"10":0},"b":{"0":[3],"1":[3],"2":[0,0],"3":[0,0],"4":[6,6],"5":[3,3],"6":[0,12],"7":[6,6],"8":[3,0],"9":[3,0]},"meta":{"lastBranch":10,"lastFunction":11,"lastStatement":18,"seen":{"f:24:16:24:57":0,"b:24:85:24:89":0,"b:24:99:24:105":1,"s:25:15:25:Infinity":0,"s:26:19:26:Infinity":1,"s:28:21:28:Infinity":2,"s:29:20:29:Infinity":3,"s:31:8:37:Infinity":4,"f:31:8:31:29":1,"b:33:4:35:Infinity:undefined:undefined:undefined:undefined":2,"s:33:4:35:Infinity":5,"b:33:8:33:20:33:20:33:39":3,"s:34:8:34:Infinity":6,"s:36:4:36:Infinity":7,"s:39:2:110:Infinity":8,"f:44:21:44:25":2,"s:45:14:48:Infinity":9,"b:46:17:46:29:46:29:47:17":4,"b:50:13:50:24:50:24:51:Infinity":5,"f:54:21:54:25":3,"s:55:12:72:Infinity":10,"f:56:23:56:27":4,"s:57:16:59:Infinity":11,"b:58:32:58:64:58:64:58:Infinity":6,"b:61:15:61:Infinity:62:16:72:Infinity":7,"f:68:20:68:35":5,"s:68:35:68:Infinity":12,"b:77:7:77:Infinity:78:8:92:Infinity":8,"f:83:12:83:27":6,"s:83:27:83:Infinity":13,"f:83:27:83:35":7,"s:83:40:83:58":14,"f:90:12:90:27":8,"s:90:27:90:Infinity":15,"f:90:27:90:35":9,"s:90:40:90:67":16,"b:95:7:95:Infinity:96:10:108:Infinity":9,"f:98:14:98:29":10,"s:98:29:98:Infinity":17}}}
,"/home/isaque/fga/7_semestre/pi1/2026.1_PI1_Grupo01_Bruno/src/frontend/src/components/Trace/Trace.tsx": {"path":"/home/isaque/fga/7_semestre/pi1/2026.1_PI1_Grupo01_Bruno/src/frontend/src/components/Trace/Trace.tsx","statementMap":{"0":{"start":{"line":8,"column":20},"end":{"line":8,"column":null}},"1":{"start":{"line":11,"column":22},"end":{"line":11,"column":null}},"2":{"start":{"line":12,"column":4},"end":{"line":15,"column":null}}},"fnMap":{"0":{"name":"Trace","decl":{"start":{"line":10,"column":16},"end":{"line":10,"column":22}},"loc":{"start":{"line":10,"column":52},"end":{"line":17,"column":null}},"line":10}},"branchMap":{"0":{"loc":{"start":{"line":11,"column":22},"end":{"line":11,"column":null}},"type":"cond-expr","locations":[{"start":{"line":11,"column":59},"end":{"line":11,"column":66}},{"start":{"line":11,"column":66},"end":{"line":11,"column":null}}],"line":11},"1":{"loc":{"start":{"line":11,"column":22},"end":{"line":11,"column":59}},"type":"binary-expr","locations":[{"start":{"line":11,"column":22},"end":{"line":11,"column":30}},{"start":{"line":11,"column":30},"end":{"line":11,"column":59}}],"line":11},"2":{"loc":{"start":{"line":13,"column":43},"end":{"line":13,"column":null}},"type":"cond-expr","locations":[{"start":{"line":13,"column":50},"end":{"line":13,"column":65}},{"start":{"line":13,"column":65},"end":{"line":13,"column":null}}],"line":13},"3":{"loc":{"start":{"line":14,"column":14},"end":{"line":14,"column":null}},"type":"binary-expr","locations":[{"start":{"line":14,"column":14},"end":{"line":14,"column":27}},{"start":{"line":14,"column":27},"end":{"line":14,"column":null}}],"line":14},"4":{"loc":{"start":{"line":14,"column":67},"end":{"line":14,"column":92}},"type":"cond-expr","locations":[{"start":{"line":14,"column":74},"end":{"line":14,"column":89}},{"start":{"line":14,"column":89},"end":{"line":14,"column":92}}],"line":14},"5":{"loc":{"start":{"line":14,"column":95},"end":{"line":14,"column":133}},"type":"cond-expr","locations":[{"start":{"line":14,"column":105},"end":{"line":14,"column":122}},{"start":{"line":14,"column":122},"end":{"line":14,"column":133}}],"line":14}},"s":{"0":3,"1":3235,"2":3235},"f":{"0":3235},"b":{"0":[8,3227],"1":[3235,9],"2":[9,3226],"3":[3235,8],"4":[8,0],"5":[5,3]},"meta":{"lastBranch":6,"lastFunction":1,"lastStatement":3,"seen":{"s:8:20:8:Infinity":0,"f:10:16:10:22":0,"s:11:22:11:Infinity":1,"b:11:59:11:66:11:66:11:Infinity":0,"b:11:22:11:30:11:30:11:59":1,"s:12:4:15:Infinity":2,"b:13:50:13:65:13:65:13:Infinity":2,"b:14:14:14:27:14:27:14:Infinity":3,"b:14:74:14:89:14:89:14:92":4,"b:14:105:14:122:14:122:14:133":5}}}
,"/home/isaque/fga/7_semestre/pi1/2026.1_PI1_Grupo01_Bruno/src/frontend/src/config/pages.ts": {"path":"/home/isaque/fga/7_semestre/pi1/2026.1_PI1_Grupo01_Bruno/src/frontend/src/config/pages.ts","statementMap":{"0":{"start":{"line":8,"column":5},"end":{"line":48,"column":null}}},"fnMap":{},"branchMap":{},"s":{"0":1},"f":{},"b":{},"meta":{"lastBranch":0,"lastFunction":0,"lastStatement":1,"seen":{"s:8:5:48:Infinity":0}}}
}
